CRITICAL - 2020-04-20 05:54:51 --> Constant expression contains invalid operations
#0 [internal function]: CodeIgniter\Debug\Exceptions->shutdownHandler()
#1 {main}
CRITICAL - 2020-04-20 05:58:40 --> syntax error, unexpected 'x' (T_STRING), expecting ']'
#0 D:\MyProject\web\html\ci4\system\Autoloader\Autoloader.php(296): CodeIgniter\Autoloader\Autoloader->requireFile('D:\\MyProject\\we...')
#1 D:\MyProject\web\html\ci4\system\Autoloader\Autoloader.php(258): CodeIgniter\Autoloader\Autoloader->loadInNamespace('App\\Controllers...')
#2 [internal function]: CodeIgniter\Autoloader\Autoloader->loadClass('App\\Controllers...')
#3 [internal function]: spl_autoload_call('App\\Controllers...')
#4 D:\MyProject\web\html\ci4\system\CodeIgniter.php(861): class_exists('\\App\\Controller...', true)
#5 D:\MyProject\web\html\ci4\system\CodeIgniter.php(388): CodeIgniter\CodeIgniter->startController()
#6 D:\MyProject\web\html\ci4\system\CodeIgniter.php(306): CodeIgniter\CodeIgniter->handleRequest(NULL, Object(Config\Cache), false)
#7 D:\MyProject\web\html\ci4\public\index.php(45): CodeIgniter\CodeIgniter->run()
#8 {main}
CRITICAL - 2020-04-20 06:13:44 --> Invalid file: {0}
#0 D:\MyProject\web\html\ci4\system\View\View.php(224): CodeIgniter\Exceptions\FrameworkException::forInvalidFile('portal.php')
#1 D:\MyProject\web\html\ci4\system\Common.php(1071): CodeIgniter\View\View->render('portal', Array, true)
#2 D:\MyProject\web\html\ci4\app\Views\templates\base.php(10): view('portal')
#3 D:\MyProject\web\html\ci4\system\View\View.php(236): include('D:\\MyProject\\we...')
#4 D:\MyProject\web\html\ci4\system\Common.php(1071): CodeIgniter\View\View->render('templates/base', Array, true)
#5 D:\MyProject\web\html\ci4\app\Controllers\Home.php(12): view('templates/base', Array)
#6 D:\MyProject\web\html\ci4\system\CodeIgniter.php(910): App\Controllers\Home->index()
#7 D:\MyProject\web\html\ci4\system\CodeIgniter.php(398): CodeIgniter\CodeIgniter->runController(Object(App\Controllers\Home))
#8 D:\MyProject\web\html\ci4\system\CodeIgniter.php(306): CodeIgniter\CodeIgniter->handleRequest(NULL, Object(Config\Cache), false)
#9 D:\MyProject\web\html\ci4\public\index.php(45): CodeIgniter\CodeIgniter->run()
#10 {main}
CRITICAL - 2020-04-20 06:53:36 --> Too few arguments to function Config\Custom::resourceLoader(), 0 passed in D:\MyProject\web\html\ci4\app\Controllers\Home.php on line 13 and exactly 1 expected
#0 D:\MyProject\web\html\ci4\app\Controllers\Home.php(13): Config\Custom->resourceLoader()
#1 D:\MyProject\web\html\ci4\system\CodeIgniter.php(910): App\Controllers\Home->index()
#2 D:\MyProject\web\html\ci4\system\CodeIgniter.php(398): CodeIgniter\CodeIgniter->runController(Object(App\Controllers\Home))
#3 D:\MyProject\web\html\ci4\system\CodeIgniter.php(306): CodeIgniter\CodeIgniter->handleRequest(NULL, Object(Config\Cache), false)
#4 D:\MyProject\web\html\ci4\public\index.php(45): CodeIgniter\CodeIgniter->run()
#5 {main}
CRITICAL - 2020-04-20 06:53:40 --> Too few arguments to function Config\Custom::resourceLoader(), 0 passed in D:\MyProject\web\html\ci4\app\Controllers\Home.php on line 13 and exactly 1 expected
#0 D:\MyProject\web\html\ci4\app\Controllers\Home.php(13): Config\Custom->resourceLoader()
#1 D:\MyProject\web\html\ci4\system\CodeIgniter.php(910): App\Controllers\Home->index()
#2 D:\MyProject\web\html\ci4\system\CodeIgniter.php(398): CodeIgniter\CodeIgniter->runController(Object(App\Controllers\Home))
#3 D:\MyProject\web\html\ci4\system\CodeIgniter.php(306): CodeIgniter\CodeIgniter->handleRequest(NULL, Object(Config\Cache), false)
#4 D:\MyProject\web\html\ci4\public\index.php(45): CodeIgniter\CodeIgniter->run()
#5 {main}
CRITICAL - 2020-04-20 06:57:57 --> Undefined offset: 0
#0 D:\MyProject\web\html\ci4\app\Config\Custom.php(46): CodeIgniter\Debug\Exceptions->errorHandler(8, 'Undefined offse...', 'D:\\MyProject\\we...', 46, Array)
#1 D:\MyProject\web\html\ci4\app\Controllers\Home.php(13): Config\Custom->resourceLoader()
#2 D:\MyProject\web\html\ci4\system\CodeIgniter.php(910): App\Controllers\Home->index()
#3 D:\MyProject\web\html\ci4\system\CodeIgniter.php(398): CodeIgniter\CodeIgniter->runController(Object(App\Controllers\Home))
#4 D:\MyProject\web\html\ci4\system\CodeIgniter.php(306): CodeIgniter\CodeIgniter->handleRequest(NULL, Object(Config\Cache), false)
#5 D:\MyProject\web\html\ci4\public\index.php(45): CodeIgniter\CodeIgniter->run()
#6 {main}
CRITICAL - 2020-04-20 06:58:27 --> Undefined offset: 1
#0 D:\MyProject\web\html\ci4\app\Config\Custom.php(46): CodeIgniter\Debug\Exceptions->errorHandler(8, 'Undefined offse...', 'D:\\MyProject\\we...', 46, Array)
#1 D:\MyProject\web\html\ci4\app\Controllers\Home.php(13): Config\Custom->resourceLoader()
#2 D:\MyProject\web\html\ci4\system\CodeIgniter.php(910): App\Controllers\Home->index()
#3 D:\MyProject\web\html\ci4\system\CodeIgniter.php(398): CodeIgniter\CodeIgniter->runController(Object(App\Controllers\Home))
#4 D:\MyProject\web\html\ci4\system\CodeIgniter.php(306): CodeIgniter\CodeIgniter->handleRequest(NULL, Object(Config\Cache), false)
#5 D:\MyProject\web\html\ci4\public\index.php(45): CodeIgniter\CodeIgniter->run()
#6 {main}
CRITICAL - 2020-04-20 06:58:28 --> Undefined offset: 1
#0 D:\MyProject\web\html\ci4\app\Config\Custom.php(46): CodeIgniter\Debug\Exceptions->errorHandler(8, 'Undefined offse...', 'D:\\MyProject\\we...', 46, Array)
#1 D:\MyProject\web\html\ci4\app\Controllers\Home.php(13): Config\Custom->resourceLoader()
#2 D:\MyProject\web\html\ci4\system\CodeIgniter.php(910): App\Controllers\Home->index()
#3 D:\MyProject\web\html\ci4\system\CodeIgniter.php(398): CodeIgniter\CodeIgniter->runController(Object(App\Controllers\Home))
#4 D:\MyProject\web\html\ci4\system\CodeIgniter.php(306): CodeIgniter\CodeIgniter->handleRequest(NULL, Object(Config\Cache), false)
#5 D:\MyProject\web\html\ci4\public\index.php(45): CodeIgniter\CodeIgniter->run()
#6 {main}
CRITICAL - 2020-04-20 06:58:52 --> Undefined offset: 0
#0 D:\MyProject\web\html\ci4\app\Config\Custom.php(46): CodeIgniter\Debug\Exceptions->errorHandler(8, 'Undefined offse...', 'D:\\MyProject\\we...', 46, Array)
#1 D:\MyProject\web\html\ci4\app\Controllers\Home.php(13): Config\Custom->resourceLoader()
#2 D:\MyProject\web\html\ci4\system\CodeIgniter.php(910): App\Controllers\Home->index()
#3 D:\MyProject\web\html\ci4\system\CodeIgniter.php(398): CodeIgniter\CodeIgniter->runController(Object(App\Controllers\Home))
#4 D:\MyProject\web\html\ci4\system\CodeIgniter.php(306): CodeIgniter\CodeIgniter->handleRequest(NULL, Object(Config\Cache), false)
#5 D:\MyProject\web\html\ci4\public\index.php(45): CodeIgniter\CodeIgniter->run()
#6 {main}
CRITICAL - 2020-04-20 07:02:25 --> syntax error, unexpected ''resources'' (T_CONSTANT_ENCAPSED_STRING), expecting ']'
#0 D:\MyProject\web\html\ci4\system\Autoloader\Autoloader.php(296): CodeIgniter\Autoloader\Autoloader->requireFile('D:\\MyProject\\we...')
#1 D:\MyProject\web\html\ci4\system\Autoloader\Autoloader.php(258): CodeIgniter\Autoloader\Autoloader->loadInNamespace('App\\Controllers...')
#2 [internal function]: CodeIgniter\Autoloader\Autoloader->loadClass('App\\Controllers...')
#3 [internal function]: spl_autoload_call('App\\Controllers...')
#4 D:\MyProject\web\html\ci4\system\CodeIgniter.php(861): class_exists('\\App\\Controller...', true)
#5 D:\MyProject\web\html\ci4\system\CodeIgniter.php(388): CodeIgniter\CodeIgniter->startController()
#6 D:\MyProject\web\html\ci4\system\CodeIgniter.php(306): CodeIgniter\CodeIgniter->handleRequest(NULL, Object(Config\Cache), false)
#7 D:\MyProject\web\html\ci4\public\index.php(45): CodeIgniter\CodeIgniter->run()
#8 {main}
CRITICAL - 2020-04-20 07:02:28 --> syntax error, unexpected ''resources'' (T_CONSTANT_ENCAPSED_STRING), expecting ']'
#0 D:\MyProject\web\html\ci4\system\Autoloader\Autoloader.php(296): CodeIgniter\Autoloader\Autoloader->requireFile('D:\\MyProject\\we...')
#1 D:\MyProject\web\html\ci4\system\Autoloader\Autoloader.php(258): CodeIgniter\Autoloader\Autoloader->loadInNamespace('App\\Controllers...')
#2 [internal function]: CodeIgniter\Autoloader\Autoloader->loadClass('App\\Controllers...')
#3 [internal function]: spl_autoload_call('App\\Controllers...')
#4 D:\MyProject\web\html\ci4\system\CodeIgniter.php(861): class_exists('\\App\\Controller...', true)
#5 D:\MyProject\web\html\ci4\system\CodeIgniter.php(388): CodeIgniter\CodeIgniter->startController()
#6 D:\MyProject\web\html\ci4\system\CodeIgniter.php(306): CodeIgniter\CodeIgniter->handleRequest(NULL, Object(Config\Cache), false)
#7 D:\MyProject\web\html\ci4\public\index.php(45): CodeIgniter\CodeIgniter->run()
#8 {main}
CRITICAL - 2020-04-20 07:02:45 --> syntax error, unexpected ';', expecting ']'
#0 D:\MyProject\web\html\ci4\system\Autoloader\Autoloader.php(296): CodeIgniter\Autoloader\Autoloader->requireFile('D:\\MyProject\\we...')
#1 D:\MyProject\web\html\ci4\system\Autoloader\Autoloader.php(258): CodeIgniter\Autoloader\Autoloader->loadInNamespace('App\\Controllers...')
#2 [internal function]: CodeIgniter\Autoloader\Autoloader->loadClass('App\\Controllers...')
#3 [internal function]: spl_autoload_call('App\\Controllers...')
#4 D:\MyProject\web\html\ci4\system\CodeIgniter.php(861): class_exists('\\App\\Controller...', true)
#5 D:\MyProject\web\html\ci4\system\CodeIgniter.php(388): CodeIgniter\CodeIgniter->startController()
#6 D:\MyProject\web\html\ci4\system\CodeIgniter.php(306): CodeIgniter\CodeIgniter->handleRequest(NULL, Object(Config\Cache), false)
#7 D:\MyProject\web\html\ci4\public\index.php(45): CodeIgniter\CodeIgniter->run()
#8 {main}
CRITICAL - 2020-04-20 09:49:25 --> syntax error, unexpected ''load_lte'' (T_CONSTANT_ENCAPSED_STRING), expecting ')'
#0 D:\MyProject\web\html\ci4\system\Autoloader\Autoloader.php(296): CodeIgniter\Autoloader\Autoloader->requireFile('D:\\MyProject\\we...')
#1 D:\MyProject\web\html\ci4\system\Autoloader\Autoloader.php(258): CodeIgniter\Autoloader\Autoloader->loadInNamespace('Config\\Custom')
#2 [internal function]: CodeIgniter\Autoloader\Autoloader->loadClass('Config\\Custom')
#3 D:\MyProject\web\html\ci4\app\Controllers\Home.php(7): spl_autoload_call('Config\\Custom')
#4 D:\MyProject\web\html\ci4\system\CodeIgniter.php(910): App\Controllers\Home->index()
#5 D:\MyProject\web\html\ci4\system\CodeIgniter.php(398): CodeIgniter\CodeIgniter->runController(Object(App\Controllers\Home))
#6 D:\MyProject\web\html\ci4\system\CodeIgniter.php(306): CodeIgniter\CodeIgniter->handleRequest(NULL, Object(Config\Cache), false)
#7 D:\MyProject\web\html\ci4\public\index.php(45): CodeIgniter\CodeIgniter->run()
#8 {main}
CRITICAL - 2020-04-20 10:00:20 --> Undefined variable: resources
#0 D:\MyProject\web\html\ci4\app\Views\templates\base.php(7): CodeIgniter\Debug\Exceptions->errorHandler(8, 'Undefined varia...', 'D:\\MyProject\\we...', 7, Array)
#1 D:\MyProject\web\html\ci4\system\View\View.php(236): include('D:\\MyProject\\we...')
#2 D:\MyProject\web\html\ci4\system\Common.php(1071): CodeIgniter\View\View->render('templates/base', Array, true)
#3 D:\MyProject\web\html\ci4\app\Controllers\Home.php(15): view('templates/base', Array)
#4 D:\MyProject\web\html\ci4\system\CodeIgniter.php(910): App\Controllers\Home->index()
#5 D:\MyProject\web\html\ci4\system\CodeIgniter.php(398): CodeIgniter\CodeIgniter->runController(Object(App\Controllers\Home))
#6 D:\MyProject\web\html\ci4\system\CodeIgniter.php(306): CodeIgniter\CodeIgniter->handleRequest(NULL, Object(Config\Cache), false)
#7 D:\MyProject\web\html\ci4\public\index.php(45): CodeIgniter\CodeIgniter->run()
#8 {main}
CRITICAL - 2020-04-20 10:00:24 --> Undefined variable: resources
#0 D:\MyProject\web\html\ci4\app\Views\templates\base.php(7): CodeIgniter\Debug\Exceptions->errorHandler(8, 'Undefined varia...', 'D:\\MyProject\\we...', 7, Array)
#1 D:\MyProject\web\html\ci4\system\View\View.php(236): include('D:\\MyProject\\we...')
#2 D:\MyProject\web\html\ci4\system\Common.php(1071): CodeIgniter\View\View->render('templates/base', Array, true)
#3 D:\MyProject\web\html\ci4\app\Controllers\Home.php(15): view('templates/base', Array)
#4 D:\MyProject\web\html\ci4\system\CodeIgniter.php(910): App\Controllers\Home->index()
#5 D:\MyProject\web\html\ci4\system\CodeIgniter.php(398): CodeIgniter\CodeIgniter->runController(Object(App\Controllers\Home))
#6 D:\MyProject\web\html\ci4\system\CodeIgniter.php(306): CodeIgniter\CodeIgniter->handleRequest(NULL, Object(Config\Cache), false)
#7 D:\MyProject\web\html\ci4\public\index.php(45): CodeIgniter\CodeIgniter->run()
#8 {main}
CRITICAL - 2020-04-20 10:04:06 --> Cannot use empty array elements in arrays
#0 [internal function]: CodeIgniter\Debug\Exceptions->shutdownHandler()
#1 {main}
CRITICAL - 2020-04-20 10:04:19 --> Cannot use empty array elements in arrays
#0 [internal function]: CodeIgniter\Debug\Exceptions->shutdownHandler()
#1 {main}
