CRITICAL - 2020-04-22 12:33:46 --> Declaration of App\Models\Captcha::validate($captcha) must be compatible with CodeIgniter\Model::validate($data): bool
#0 [internal function]: CodeIgniter\Debug\Exceptions->shutdownHandler()
#1 {main}
CRITICAL - 2020-04-22 12:36:09 --> Declaration of App\Models\Captcha::validate($captcha = false) must be compatible with CodeIgniter\Model::validate($data): bool
#0 [internal function]: CodeIgniter\Debug\Exceptions->shutdownHandler()
#1 {main}
CRITICAL - 2020-04-22 12:37:11 --> Array to string conversion
#0 D:\MyProject\web\html\ci4\app\Controllers\Home.php(42): CodeIgniter\Debug\Exceptions->errorHandler(8, 'Array to string...', 'D:\\MyProject\\we...', 42, Array)
#1 D:\MyProject\web\html\ci4\system\CodeIgniter.php(910): App\Controllers\Home->registering()
#2 D:\MyProject\web\html\ci4\system\CodeIgniter.php(398): CodeIgniter\CodeIgniter->runController(Object(App\Controllers\Home))
#3 D:\MyProject\web\html\ci4\system\CodeIgniter.php(306): CodeIgniter\CodeIgniter->handleRequest(NULL, Object(Config\Cache), false)
#4 D:\MyProject\web\html\ci4\index.php(45): CodeIgniter\CodeIgniter->run()
#5 {main}
CRITICAL - 2020-04-22 12:41:30 --> {0, string} route cannot be found while reverse-routing.
#0 D:\MyProject\web\html\ci4\system\HTTP\RedirectResponse.php(92): CodeIgniter\HTTP\Exceptions\HTTPException::forInvalidRedirectRoute('')
#1 D:\MyProject\web\html\ci4\system\Common.php(798): CodeIgniter\HTTP\RedirectResponse->route(false)
#2 D:\MyProject\web\html\ci4\app\Controllers\Home.php(45): redirect('http://sas.loca...')
#3 D:\MyProject\web\html\ci4\system\CodeIgniter.php(910): App\Controllers\Home->registering()
#4 D:\MyProject\web\html\ci4\system\CodeIgniter.php(398): CodeIgniter\CodeIgniter->runController(Object(App\Controllers\Home))
#5 D:\MyProject\web\html\ci4\system\CodeIgniter.php(306): CodeIgniter\CodeIgniter->handleRequest(NULL, Object(Config\Cache), false)
#6 D:\MyProject\web\html\ci4\index.php(45): CodeIgniter\CodeIgniter->run()
#7 {main}
CRITICAL - 2020-04-22 12:42:09 --> {0, string} route cannot be found while reverse-routing.
#0 D:\MyProject\web\html\ci4\system\HTTP\RedirectResponse.php(92): CodeIgniter\HTTP\Exceptions\HTTPException::forInvalidRedirectRoute('')
#1 D:\MyProject\web\html\ci4\system\Common.php(798): CodeIgniter\HTTP\RedirectResponse->route(false)
#2 D:\MyProject\web\html\ci4\app\Controllers\Home.php(45): redirect('http://sas.loca...')
#3 D:\MyProject\web\html\ci4\system\CodeIgniter.php(910): App\Controllers\Home->registering()
#4 D:\MyProject\web\html\ci4\system\CodeIgniter.php(398): CodeIgniter\CodeIgniter->runController(Object(App\Controllers\Home))
#5 D:\MyProject\web\html\ci4\system\CodeIgniter.php(306): CodeIgniter\CodeIgniter->handleRequest(NULL, Object(Config\Cache), false)
#6 D:\MyProject\web\html\ci4\index.php(45): CodeIgniter\CodeIgniter->run()
#7 {main}
CRITICAL - 2020-04-22 12:42:56 --> {0, string} route cannot be found while reverse-routing.
#0 D:\MyProject\web\html\ci4\system\HTTP\RedirectResponse.php(92): CodeIgniter\HTTP\Exceptions\HTTPException::forInvalidRedirectRoute('')
#1 D:\MyProject\web\html\ci4\system\Common.php(798): CodeIgniter\HTTP\RedirectResponse->route(false)
#2 D:\MyProject\web\html\ci4\app\Controllers\Home.php(45): redirect('http://sas.loca...')
#3 D:\MyProject\web\html\ci4\system\CodeIgniter.php(910): App\Controllers\Home->registering()
#4 D:\MyProject\web\html\ci4\system\CodeIgniter.php(398): CodeIgniter\CodeIgniter->runController(Object(App\Controllers\Home))
#5 D:\MyProject\web\html\ci4\system\CodeIgniter.php(306): CodeIgniter\CodeIgniter->handleRequest(NULL, Object(Config\Cache), false)
#6 D:\MyProject\web\html\ci4\index.php(45): CodeIgniter\CodeIgniter->run()
#7 {main}
