CRITICAL - 2020-04-27 08:43:23 --> {0} : {1}
#0 D:\MyProject\web\html\ci4\system\HTTP\CURLRequest.php(823): CodeIgniter\HTTP\Exceptions\HTTPException::forCurlError('22', 'The requested U...')
#1 D:\MyProject\web\html\ci4\system\HTTP\CURLRequest.php(449): CodeIgniter\HTTP\CURLRequest->sendRequest(Array)
#2 D:\MyProject\web\html\ci4\system\HTTP\CURLRequest.php(158): CodeIgniter\HTTP\CURLRequest->send('GET', 'https://sas.smk...')
#3 D:\MyProject\web\html\ci4\app\Models\CRUD.php(33): CodeIgniter\HTTP\CURLRequest->request('GET', 'https://sas.smk...', Array)
#4 D:\MyProject\web\html\ci4\app\Views\logging.php(7): App\Models\CRUD->get(Array)
#5 D:\MyProject\web\html\ci4\system\View\View.php(236): include('D:\\MyProject\\we...')
#6 D:\MyProject\web\html\ci4\system\Common.php(1071): CodeIgniter\View\View->render('logging', Array, true)
#7 D:\MyProject\web\html\ci4\app\Controllers\Home.php(38): view('logging')
#8 D:\MyProject\web\html\ci4\system\CodeIgniter.php(910): App\Controllers\Home->logging()
#9 D:\MyProject\web\html\ci4\system\CodeIgniter.php(398): CodeIgniter\CodeIgniter->runController(Object(App\Controllers\Home))
#10 D:\MyProject\web\html\ci4\system\CodeIgniter.php(306): CodeIgniter\CodeIgniter->handleRequest(NULL, Object(Config\Cache), false)
#11 D:\MyProject\web\html\ci4\index.php(45): CodeIgniter\CodeIgniter->run()
#12 {main}
CRITICAL - 2020-04-27 08:57:28 --> {0} : {1}
#0 D:\MyProject\web\html\ci4\system\HTTP\CURLRequest.php(823): CodeIgniter\HTTP\Exceptions\HTTPException::forCurlError('22', 'The requested U...')
#1 D:\MyProject\web\html\ci4\system\HTTP\CURLRequest.php(449): CodeIgniter\HTTP\CURLRequest->sendRequest(Array)
#2 D:\MyProject\web\html\ci4\system\HTTP\CURLRequest.php(158): CodeIgniter\HTTP\CURLRequest->send('GET', 'https://sas.smk...')
#3 D:\MyProject\web\html\ci4\app\Models\CRUD.php(35): CodeIgniter\HTTP\CURLRequest->request('GET', 'https://sas.smk...', Array, Array)
#4 D:\MyProject\web\html\ci4\app\Views\logging.php(7): App\Models\CRUD->get(Array)
#5 D:\MyProject\web\html\ci4\system\View\View.php(236): include('D:\\MyProject\\we...')
#6 D:\MyProject\web\html\ci4\system\Common.php(1071): CodeIgniter\View\View->render('logging', Array, true)
#7 D:\MyProject\web\html\ci4\app\Controllers\Home.php(38): view('logging')
#8 D:\MyProject\web\html\ci4\system\CodeIgniter.php(910): App\Controllers\Home->logging()
#9 D:\MyProject\web\html\ci4\system\CodeIgniter.php(398): CodeIgniter\CodeIgniter->runController(Object(App\Controllers\Home))
#10 D:\MyProject\web\html\ci4\system\CodeIgniter.php(306): CodeIgniter\CodeIgniter->handleRequest(NULL, Object(Config\Cache), false)
#11 D:\MyProject\web\html\ci4\index.php(45): CodeIgniter\CodeIgniter->run()
#12 {main}
CRITICAL - 2020-04-27 08:59:41 --> {0} : {1}
#0 D:\MyProject\web\html\ci4\system\HTTP\CURLRequest.php(823): CodeIgniter\HTTP\Exceptions\HTTPException::forCurlError('22', 'The requested U...')
#1 D:\MyProject\web\html\ci4\system\HTTP\CURLRequest.php(449): CodeIgniter\HTTP\CURLRequest->sendRequest(Array)
#2 D:\MyProject\web\html\ci4\system\HTTP\CURLRequest.php(158): CodeIgniter\HTTP\CURLRequest->send('GET', 'https://sas.smk...')
#3 D:\MyProject\web\html\ci4\app\Models\CRUD.php(33): CodeIgniter\HTTP\CURLRequest->request('GET', 'https://sas.smk...', Array)
#4 D:\MyProject\web\html\ci4\app\Views\logging.php(7): App\Models\CRUD->get(Array)
#5 D:\MyProject\web\html\ci4\system\View\View.php(236): include('D:\\MyProject\\we...')
#6 D:\MyProject\web\html\ci4\system\Common.php(1071): CodeIgniter\View\View->render('logging', Array, true)
#7 D:\MyProject\web\html\ci4\app\Controllers\Home.php(38): view('logging')
#8 D:\MyProject\web\html\ci4\system\CodeIgniter.php(910): App\Controllers\Home->logging()
#9 D:\MyProject\web\html\ci4\system\CodeIgniter.php(398): CodeIgniter\CodeIgniter->runController(Object(App\Controllers\Home))
#10 D:\MyProject\web\html\ci4\system\CodeIgniter.php(306): CodeIgniter\CodeIgniter->handleRequest(NULL, Object(Config\Cache), false)
#11 D:\MyProject\web\html\ci4\index.php(45): CodeIgniter\CodeIgniter->run()
#12 {main}
CRITICAL - 2020-04-27 09:08:49 --> Object of class CodeIgniter\HTTP\Response could not be converted to string
#0 D:\MyProject\web\html\ci4\system\View\View.php(236): include()
#1 D:\MyProject\web\html\ci4\system\Common.php(1071): CodeIgniter\View\View->render('logging', Array, true)
#2 D:\MyProject\web\html\ci4\app\Controllers\Home.php(38): view('logging')
#3 D:\MyProject\web\html\ci4\system\CodeIgniter.php(910): App\Controllers\Home->logging()
#4 D:\MyProject\web\html\ci4\system\CodeIgniter.php(398): CodeIgniter\CodeIgniter->runController(Object(App\Controllers\Home))
#5 D:\MyProject\web\html\ci4\system\CodeIgniter.php(306): CodeIgniter\CodeIgniter->handleRequest(NULL, Object(Config\Cache), false)
#6 D:\MyProject\web\html\ci4\index.php(45): CodeIgniter\CodeIgniter->run()
#7 {main}
CRITICAL - 2020-04-27 09:11:07 --> json_decode() expects parameter 1 to be string, object given
#0 [internal function]: CodeIgniter\Debug\Exceptions->errorHandler(2, 'json_decode() e...', 'D:\\MyProject\\we...', 7, Array)
#1 D:\MyProject\web\html\ci4\app\Views\logging.php(7): json_decode(Object(CodeIgniter\HTTP\Response))
#2 D:\MyProject\web\html\ci4\system\View\View.php(236): include('D:\\MyProject\\we...')
#3 D:\MyProject\web\html\ci4\system\Common.php(1071): CodeIgniter\View\View->render('logging', Array, true)
#4 D:\MyProject\web\html\ci4\app\Controllers\Home.php(38): view('logging')
#5 D:\MyProject\web\html\ci4\system\CodeIgniter.php(910): App\Controllers\Home->logging()
#6 D:\MyProject\web\html\ci4\system\CodeIgniter.php(398): CodeIgniter\CodeIgniter->runController(Object(App\Controllers\Home))
#7 D:\MyProject\web\html\ci4\system\CodeIgniter.php(306): CodeIgniter\CodeIgniter->handleRequest(NULL, Object(Config\Cache), false)
#8 D:\MyProject\web\html\ci4\index.php(45): CodeIgniter\CodeIgniter->run()
#9 {main}
CRITICAL - 2020-04-27 09:27:41 --> syntax error, unexpected ';', expecting ']'
#0 D:\MyProject\web\html\ci4\system\Autoloader\Autoloader.php(296): CodeIgniter\Autoloader\Autoloader->requireFile('D:\\MyProject\\we...')
#1 D:\MyProject\web\html\ci4\system\Autoloader\Autoloader.php(258): CodeIgniter\Autoloader\Autoloader->loadInNamespace('App\\Controllers...')
#2 [internal function]: CodeIgniter\Autoloader\Autoloader->loadClass('App\\Controllers...')
#3 [internal function]: spl_autoload_call('App\\Controllers...')
#4 D:\MyProject\web\html\ci4\system\CodeIgniter.php(861): class_exists('\\App\\Controller...', true)
#5 D:\MyProject\web\html\ci4\system\CodeIgniter.php(388): CodeIgniter\CodeIgniter->startController()
#6 D:\MyProject\web\html\ci4\system\CodeIgniter.php(306): CodeIgniter\CodeIgniter->handleRequest(NULL, Object(Config\Cache), false)
#7 D:\MyProject\web\html\ci4\index.php(45): CodeIgniter\CodeIgniter->run()
#8 {main}
CRITICAL - 2020-04-27 09:27:52 --> Call to undefined method CodeIgniter\HTTP\IncomingRequest::getVars()
#0 D:\MyProject\web\html\ci4\system\CodeIgniter.php(910): App\Controllers\Home->logging()
#1 D:\MyProject\web\html\ci4\system\CodeIgniter.php(398): CodeIgniter\CodeIgniter->runController(Object(App\Controllers\Home))
#2 D:\MyProject\web\html\ci4\system\CodeIgniter.php(306): CodeIgniter\CodeIgniter->handleRequest(NULL, Object(Config\Cache), false)
#3 D:\MyProject\web\html\ci4\index.php(45): CodeIgniter\CodeIgniter->run()
#4 {main}
CRITICAL - 2020-04-27 09:59:23 --> Undefined property: stdClass::$no_pendaftaran
#0 D:\MyProject\web\html\ci4\app\Controllers\Home.php(48): CodeIgniter\Debug\Exceptions->errorHandler(8, 'Undefined prope...', 'D:\\MyProject\\we...', 48, Array)
#1 D:\MyProject\web\html\ci4\system\CodeIgniter.php(910): App\Controllers\Home->logging()
#2 D:\MyProject\web\html\ci4\system\CodeIgniter.php(398): CodeIgniter\CodeIgniter->runController(Object(App\Controllers\Home))
#3 D:\MyProject\web\html\ci4\system\CodeIgniter.php(306): CodeIgniter\CodeIgniter->handleRequest(NULL, Object(Config\Cache), false)
#4 D:\MyProject\web\html\ci4\index.php(45): CodeIgniter\CodeIgniter->run()
#5 {main}
CRITICAL - 2020-04-27 10:00:48 --> Cannot use object of type stdClass as array
#0 D:\MyProject\web\html\ci4\system\CodeIgniter.php(910): App\Controllers\Home->logging()
#1 D:\MyProject\web\html\ci4\system\CodeIgniter.php(398): CodeIgniter\CodeIgniter->runController(Object(App\Controllers\Home))
#2 D:\MyProject\web\html\ci4\system\CodeIgniter.php(306): CodeIgniter\CodeIgniter->handleRequest(NULL, Object(Config\Cache), false)
#3 D:\MyProject\web\html\ci4\index.php(45): CodeIgniter\CodeIgniter->run()
#4 {main}
