CRITICAL - 2021-02-01 09:01:24 --> json_decode() expects parameter 1 to be string, array given
#0 [internal function]: CodeIgniter\Debug\Exceptions->errorHandler(2, 'json_decode() e...', 'D:\\MyProject\\we...', 43, Array)
#1 D:\MyProject\web\html\ci4\app\Views\dashboard.php(43): json_decode(Array)
#2 D:\MyProject\web\html\ci4\system\View\View.php(236): include('D:\\MyProject\\we...')
#3 D:\MyProject\web\html\ci4\system\Common.php(1071): CodeIgniter\View\View->render('dashboard', Array, true)
#4 D:\MyProject\web\html\ci4\app\Views\templates\base.php(31): view('dashboard', Array)
#5 D:\MyProject\web\html\ci4\system\View\View.php(236): include('D:\\MyProject\\we...')
#6 D:\MyProject\web\html\ci4\system\Common.php(1071): CodeIgniter\View\View->render('templates/base', Array, true)
#7 D:\MyProject\web\html\ci4\app\Controllers\Home.php(47): view('templates/base', Array)
#8 D:\MyProject\web\html\ci4\system\CodeIgniter.php(910): App\Controllers\Home->dashboard()
#9 D:\MyProject\web\html\ci4\system\CodeIgniter.php(398): CodeIgniter\CodeIgniter->runController(Object(App\Controllers\Home))
#10 D:\MyProject\web\html\ci4\system\CodeIgniter.php(306): CodeIgniter\CodeIgniter->handleRequest(NULL, Object(Config\Cache), false)
#11 D:\MyProject\web\html\ci4\index.php(45): CodeIgniter\CodeIgniter->run()
#12 {main}
CRITICAL - 2021-02-01 09:03:35 --> Trying to get property 'reg_no' of non-object
#0 D:\MyProject\web\html\ci4\app\Views\dashboard.php(56): CodeIgniter\Debug\Exceptions->errorHandler(8, 'Trying to get p...', 'D:\\MyProject\\we...', 56, Array)
#1 D:\MyProject\web\html\ci4\system\View\View.php(236): include('D:\\MyProject\\we...')
#2 D:\MyProject\web\html\ci4\system\Common.php(1071): CodeIgniter\View\View->render('dashboard', Array, true)
#3 D:\MyProject\web\html\ci4\app\Views\templates\base.php(31): view('dashboard', Array)
#4 D:\MyProject\web\html\ci4\system\View\View.php(236): include('D:\\MyProject\\we...')
#5 D:\MyProject\web\html\ci4\system\Common.php(1071): CodeIgniter\View\View->render('templates/base', Array, true)
#6 D:\MyProject\web\html\ci4\app\Controllers\Home.php(47): view('templates/base', Array)
#7 D:\MyProject\web\html\ci4\system\CodeIgniter.php(910): App\Controllers\Home->dashboard()
#8 D:\MyProject\web\html\ci4\system\CodeIgniter.php(398): CodeIgniter\CodeIgniter->runController(Object(App\Controllers\Home))
#9 D:\MyProject\web\html\ci4\system\CodeIgniter.php(306): CodeIgniter\CodeIgniter->handleRequest(NULL, Object(Config\Cache), false)
#10 D:\MyProject\web\html\ci4\index.php(45): CodeIgniter\CodeIgniter->run()
#11 {main}
CRITICAL - 2021-02-01 09:03:57 --> Trying to get property 'reg_no' of non-object
#0 D:\MyProject\web\html\ci4\app\Views\dashboard.php(56): CodeIgniter\Debug\Exceptions->errorHandler(8, 'Trying to get p...', 'D:\\MyProject\\we...', 56, Array)
#1 D:\MyProject\web\html\ci4\system\View\View.php(236): include('D:\\MyProject\\we...')
#2 D:\MyProject\web\html\ci4\system\Common.php(1071): CodeIgniter\View\View->render('dashboard', Array, true)
#3 D:\MyProject\web\html\ci4\app\Views\templates\base.php(31): view('dashboard', Array)
#4 D:\MyProject\web\html\ci4\system\View\View.php(236): include('D:\\MyProject\\we...')
#5 D:\MyProject\web\html\ci4\system\Common.php(1071): CodeIgniter\View\View->render('templates/base', Array, true)
#6 D:\MyProject\web\html\ci4\app\Controllers\Home.php(47): view('templates/base', Array)
#7 D:\MyProject\web\html\ci4\system\CodeIgniter.php(910): App\Controllers\Home->dashboard()
#8 D:\MyProject\web\html\ci4\system\CodeIgniter.php(398): CodeIgniter\CodeIgniter->runController(Object(App\Controllers\Home))
#9 D:\MyProject\web\html\ci4\system\CodeIgniter.php(306): CodeIgniter\CodeIgniter->handleRequest(NULL, Object(Config\Cache), false)
#10 D:\MyProject\web\html\ci4\index.php(45): CodeIgniter\CodeIgniter->run()
#11 {main}
CRITICAL - 2021-02-01 09:04:45 --> Trying to get property 'reg_id' of non-object
#0 D:\MyProject\web\html\ci4\app\Views\dashboard.php(56): CodeIgniter\Debug\Exceptions->errorHandler(8, 'Trying to get p...', 'D:\\MyProject\\we...', 56, Array)
#1 D:\MyProject\web\html\ci4\system\View\View.php(236): include('D:\\MyProject\\we...')
#2 D:\MyProject\web\html\ci4\system\Common.php(1071): CodeIgniter\View\View->render('dashboard', Array, true)
#3 D:\MyProject\web\html\ci4\app\Views\templates\base.php(31): view('dashboard', Array)
#4 D:\MyProject\web\html\ci4\system\View\View.php(236): include('D:\\MyProject\\we...')
#5 D:\MyProject\web\html\ci4\system\Common.php(1071): CodeIgniter\View\View->render('templates/base', Array, true)
#6 D:\MyProject\web\html\ci4\app\Controllers\Home.php(47): view('templates/base', Array)
#7 D:\MyProject\web\html\ci4\system\CodeIgniter.php(910): App\Controllers\Home->dashboard()
#8 D:\MyProject\web\html\ci4\system\CodeIgniter.php(398): CodeIgniter\CodeIgniter->runController(Object(App\Controllers\Home))
#9 D:\MyProject\web\html\ci4\system\CodeIgniter.php(306): CodeIgniter\CodeIgniter->handleRequest(NULL, Object(Config\Cache), false)
#10 D:\MyProject\web\html\ci4\index.php(45): CodeIgniter\CodeIgniter->run()
#11 {main}
CRITICAL - 2021-02-01 09:42:18 --> {0, string} route cannot be found while reverse-routing.
#0 D:\MyProject\web\html\ci4\system\HTTP\RedirectResponse.php(92): CodeIgniter\HTTP\Exceptions\HTTPException::forInvalidRedirectRoute('')
#1 D:\MyProject\web\html\ci4\system\Common.php(798): CodeIgniter\HTTP\RedirectResponse->route(false)
#2 D:\MyProject\web\html\ci4\app\Controllers\Home.php(49): redirect('http://sas.loca...')
#3 D:\MyProject\web\html\ci4\system\CodeIgniter.php(910): App\Controllers\Home->dashboard()
#4 D:\MyProject\web\html\ci4\system\CodeIgniter.php(398): CodeIgniter\CodeIgniter->runController(Object(App\Controllers\Home))
#5 D:\MyProject\web\html\ci4\system\CodeIgniter.php(306): CodeIgniter\CodeIgniter->handleRequest(NULL, Object(Config\Cache), false)
#6 D:\MyProject\web\html\ci4\index.php(45): CodeIgniter\CodeIgniter->run()
#7 {main}
CRITICAL - 2021-02-01 09:59:37 --> syntax error, unexpected '}'
#0 D:\MyProject\web\html\ci4\system\Autoloader\Autoloader.php(296): CodeIgniter\Autoloader\Autoloader->requireFile('D:\\MyProject\\we...')
#1 D:\MyProject\web\html\ci4\system\Autoloader\Autoloader.php(258): CodeIgniter\Autoloader\Autoloader->loadInNamespace('App\\Controllers...')
#2 [internal function]: CodeIgniter\Autoloader\Autoloader->loadClass('App\\Controllers...')
#3 [internal function]: spl_autoload_call('App\\Controllers...')
#4 D:\MyProject\web\html\ci4\system\CodeIgniter.php(861): class_exists('\\App\\Controller...', true)
#5 D:\MyProject\web\html\ci4\system\CodeIgniter.php(388): CodeIgniter\CodeIgniter->startController()
#6 D:\MyProject\web\html\ci4\system\CodeIgniter.php(306): CodeIgniter\CodeIgniter->handleRequest(NULL, Object(Config\Cache), false)
#7 D:\MyProject\web\html\ci4\index.php(45): CodeIgniter\CodeIgniter->run()
#8 {main}
CRITICAL - 2021-02-01 10:00:39 --> syntax error, unexpected '$this' (T_VARIABLE), expecting ']'
#0 D:\MyProject\web\html\ci4\system\Autoloader\Autoloader.php(296): CodeIgniter\Autoloader\Autoloader->requireFile('D:\\MyProject\\we...')
#1 D:\MyProject\web\html\ci4\system\Autoloader\Autoloader.php(258): CodeIgniter\Autoloader\Autoloader->loadInNamespace('App\\Controllers...')
#2 [internal function]: CodeIgniter\Autoloader\Autoloader->loadClass('App\\Controllers...')
#3 [internal function]: spl_autoload_call('App\\Controllers...')
#4 D:\MyProject\web\html\ci4\system\CodeIgniter.php(861): class_exists('\\App\\Controller...', true)
#5 D:\MyProject\web\html\ci4\system\CodeIgniter.php(388): CodeIgniter\CodeIgniter->startController()
#6 D:\MyProject\web\html\ci4\system\CodeIgniter.php(306): CodeIgniter\CodeIgniter->handleRequest(NULL, Object(Config\Cache), false)
#7 D:\MyProject\web\html\ci4\index.php(45): CodeIgniter\CodeIgniter->run()
#8 {main}
CRITICAL - 2021-02-01 10:00:50 --> {0} : {1}
#0 D:\MyProject\web\html\ci4\system\HTTP\CURLRequest.php(823): CodeIgniter\HTTP\Exceptions\HTTPException::forCurlError('22', 'The requested U...')
#1 D:\MyProject\web\html\ci4\system\HTTP\CURLRequest.php(449): CodeIgniter\HTTP\CURLRequest->sendRequest(Array)
#2 D:\MyProject\web\html\ci4\system\HTTP\CURLRequest.php(158): CodeIgniter\HTTP\CURLRequest->send('GET', 'https://sas.smk...')
#3 D:\MyProject\web\html\ci4\app\Models\CRUD.php(33): CodeIgniter\HTTP\CURLRequest->request('GET', 'https://sas.smk...', Array)
#4 D:\MyProject\web\html\ci4\app\Controllers\Home.php(166): App\Models\CRUD->get(Array)
#5 D:\MyProject\web\html\ci4\system\CodeIgniter.php(910): App\Controllers\Home->personal_info()
#6 D:\MyProject\web\html\ci4\system\CodeIgniter.php(398): CodeIgniter\CodeIgniter->runController(Object(App\Controllers\Home))
#7 D:\MyProject\web\html\ci4\system\CodeIgniter.php(306): CodeIgniter\CodeIgniter->handleRequest(NULL, Object(Config\Cache), false)
#8 D:\MyProject\web\html\ci4\index.php(45): CodeIgniter\CodeIgniter->run()
#9 {main}
CRITICAL - 2021-02-01 10:01:27 --> {0} : {1}
#0 D:\MyProject\web\html\ci4\system\HTTP\CURLRequest.php(823): CodeIgniter\HTTP\Exceptions\HTTPException::forCurlError('22', 'The requested U...')
#1 D:\MyProject\web\html\ci4\system\HTTP\CURLRequest.php(449): CodeIgniter\HTTP\CURLRequest->sendRequest(Array)
#2 D:\MyProject\web\html\ci4\system\HTTP\CURLRequest.php(158): CodeIgniter\HTTP\CURLRequest->send('GET', 'https://sas.smk...')
#3 D:\MyProject\web\html\ci4\app\Models\CRUD.php(33): CodeIgniter\HTTP\CURLRequest->request('GET', 'https://sas.smk...', Array)
#4 D:\MyProject\web\html\ci4\app\Controllers\Home.php(167): App\Models\CRUD->get(Array)
#5 D:\MyProject\web\html\ci4\system\CodeIgniter.php(910): App\Controllers\Home->personal_info()
#6 D:\MyProject\web\html\ci4\system\CodeIgniter.php(398): CodeIgniter\CodeIgniter->runController(Object(App\Controllers\Home))
#7 D:\MyProject\web\html\ci4\system\CodeIgniter.php(306): CodeIgniter\CodeIgniter->handleRequest(NULL, Object(Config\Cache), false)
#8 D:\MyProject\web\html\ci4\index.php(45): CodeIgniter\CodeIgniter->run()
#9 {main}
CRITICAL - 2021-02-01 10:02:24 --> {0} : {1}
#0 D:\MyProject\web\html\ci4\system\HTTP\CURLRequest.php(823): CodeIgniter\HTTP\Exceptions\HTTPException::forCurlError('22', 'The requested U...')
#1 D:\MyProject\web\html\ci4\system\HTTP\CURLRequest.php(449): CodeIgniter\HTTP\CURLRequest->sendRequest(Array)
#2 D:\MyProject\web\html\ci4\system\HTTP\CURLRequest.php(158): CodeIgniter\HTTP\CURLRequest->send('GET', 'https://sas.smk...')
#3 D:\MyProject\web\html\ci4\app\Models\CRUD.php(33): CodeIgniter\HTTP\CURLRequest->request('GET', 'https://sas.smk...', Array)
#4 D:\MyProject\web\html\ci4\app\Controllers\Home.php(167): App\Models\CRUD->get(Array)
#5 D:\MyProject\web\html\ci4\system\CodeIgniter.php(910): App\Controllers\Home->personal_info()
#6 D:\MyProject\web\html\ci4\system\CodeIgniter.php(398): CodeIgniter\CodeIgniter->runController(Object(App\Controllers\Home))
#7 D:\MyProject\web\html\ci4\system\CodeIgniter.php(306): CodeIgniter\CodeIgniter->handleRequest(NULL, Object(Config\Cache), false)
#8 D:\MyProject\web\html\ci4\index.php(45): CodeIgniter\CodeIgniter->run()
#9 {main}
CRITICAL - 2021-02-01 10:02:40 --> {0} : {1}
#0 D:\MyProject\web\html\ci4\system\HTTP\CURLRequest.php(823): CodeIgniter\HTTP\Exceptions\HTTPException::forCurlError('22', 'The requested U...')
#1 D:\MyProject\web\html\ci4\system\HTTP\CURLRequest.php(449): CodeIgniter\HTTP\CURLRequest->sendRequest(Array)
#2 D:\MyProject\web\html\ci4\system\HTTP\CURLRequest.php(158): CodeIgniter\HTTP\CURLRequest->send('GET', 'https://sas.smk...')
#3 D:\MyProject\web\html\ci4\app\Models\CRUD.php(33): CodeIgniter\HTTP\CURLRequest->request('GET', 'https://sas.smk...', Array)
#4 D:\MyProject\web\html\ci4\app\Controllers\Home.php(168): App\Models\CRUD->get(Array)
#5 D:\MyProject\web\html\ci4\system\CodeIgniter.php(910): App\Controllers\Home->personal_info()
#6 D:\MyProject\web\html\ci4\system\CodeIgniter.php(398): CodeIgniter\CodeIgniter->runController(Object(App\Controllers\Home))
#7 D:\MyProject\web\html\ci4\system\CodeIgniter.php(306): CodeIgniter\CodeIgniter->handleRequest(NULL, Object(Config\Cache), false)
#8 D:\MyProject\web\html\ci4\index.php(45): CodeIgniter\CodeIgniter->run()
#9 {main}
CRITICAL - 2021-02-01 10:02:54 --> {0} : {1}
#0 D:\MyProject\web\html\ci4\system\HTTP\CURLRequest.php(823): CodeIgniter\HTTP\Exceptions\HTTPException::forCurlError('22', 'The requested U...')
#1 D:\MyProject\web\html\ci4\system\HTTP\CURLRequest.php(449): CodeIgniter\HTTP\CURLRequest->sendRequest(Array)
#2 D:\MyProject\web\html\ci4\system\HTTP\CURLRequest.php(158): CodeIgniter\HTTP\CURLRequest->send('GET', 'https://sas.smk...')
#3 D:\MyProject\web\html\ci4\app\Models\CRUD.php(33): CodeIgniter\HTTP\CURLRequest->request('GET', 'https://sas.smk...', Array)
#4 D:\MyProject\web\html\ci4\app\Controllers\Home.php(167): App\Models\CRUD->get(Array)
#5 D:\MyProject\web\html\ci4\system\CodeIgniter.php(910): App\Controllers\Home->personal_info()
#6 D:\MyProject\web\html\ci4\system\CodeIgniter.php(398): CodeIgniter\CodeIgniter->runController(Object(App\Controllers\Home))
#7 D:\MyProject\web\html\ci4\system\CodeIgniter.php(306): CodeIgniter\CodeIgniter->handleRequest(NULL, Object(Config\Cache), false)
#8 D:\MyProject\web\html\ci4\index.php(45): CodeIgniter\CodeIgniter->run()
#9 {main}
CRITICAL - 2021-02-01 10:03:15 --> {0} : {1}
#0 D:\MyProject\web\html\ci4\system\HTTP\CURLRequest.php(823): CodeIgniter\HTTP\Exceptions\HTTPException::forCurlError('22', 'The requested U...')
#1 D:\MyProject\web\html\ci4\system\HTTP\CURLRequest.php(449): CodeIgniter\HTTP\CURLRequest->sendRequest(Array)
#2 D:\MyProject\web\html\ci4\system\HTTP\CURLRequest.php(158): CodeIgniter\HTTP\CURLRequest->send('GET', 'https://sas.smk...')
#3 D:\MyProject\web\html\ci4\app\Models\CRUD.php(33): CodeIgniter\HTTP\CURLRequest->request('GET', 'https://sas.smk...', Array)
#4 D:\MyProject\web\html\ci4\app\Controllers\Home.php(167): App\Models\CRUD->get(Array)
#5 D:\MyProject\web\html\ci4\system\CodeIgniter.php(910): App\Controllers\Home->personal_info()
#6 D:\MyProject\web\html\ci4\system\CodeIgniter.php(398): CodeIgniter\CodeIgniter->runController(Object(App\Controllers\Home))
#7 D:\MyProject\web\html\ci4\system\CodeIgniter.php(306): CodeIgniter\CodeIgniter->handleRequest(NULL, Object(Config\Cache), false)
#8 D:\MyProject\web\html\ci4\index.php(45): CodeIgniter\CodeIgniter->run()
#9 {main}
CRITICAL - 2021-02-01 10:03:29 --> {0} : {1}
#0 D:\MyProject\web\html\ci4\system\HTTP\CURLRequest.php(823): CodeIgniter\HTTP\Exceptions\HTTPException::forCurlError('22', 'The requested U...')
#1 D:\MyProject\web\html\ci4\system\HTTP\CURLRequest.php(449): CodeIgniter\HTTP\CURLRequest->sendRequest(Array)
#2 D:\MyProject\web\html\ci4\system\HTTP\CURLRequest.php(158): CodeIgniter\HTTP\CURLRequest->send('GET', 'https://sas.smk...')
#3 D:\MyProject\web\html\ci4\app\Models\CRUD.php(33): CodeIgniter\HTTP\CURLRequest->request('GET', 'https://sas.smk...', Array)
#4 D:\MyProject\web\html\ci4\app\Controllers\Home.php(167): App\Models\CRUD->get(Array)
#5 D:\MyProject\web\html\ci4\system\CodeIgniter.php(910): App\Controllers\Home->personal_info()
#6 D:\MyProject\web\html\ci4\system\CodeIgniter.php(398): CodeIgniter\CodeIgniter->runController(Object(App\Controllers\Home))
#7 D:\MyProject\web\html\ci4\system\CodeIgniter.php(306): CodeIgniter\CodeIgniter->handleRequest(NULL, Object(Config\Cache), false)
#8 D:\MyProject\web\html\ci4\index.php(45): CodeIgniter\CodeIgniter->run()
#9 {main}
CRITICAL - 2021-02-01 10:04:00 --> {0} : {1}
#0 D:\MyProject\web\html\ci4\system\HTTP\CURLRequest.php(823): CodeIgniter\HTTP\Exceptions\HTTPException::forCurlError('22', 'The requested U...')
#1 D:\MyProject\web\html\ci4\system\HTTP\CURLRequest.php(449): CodeIgniter\HTTP\CURLRequest->sendRequest(Array)
#2 D:\MyProject\web\html\ci4\system\HTTP\CURLRequest.php(158): CodeIgniter\HTTP\CURLRequest->send('GET', 'https://sas.smk...')
#3 D:\MyProject\web\html\ci4\app\Models\CRUD.php(33): CodeIgniter\HTTP\CURLRequest->request('GET', 'https://sas.smk...', Array)
#4 D:\MyProject\web\html\ci4\app\Controllers\Home.php(167): App\Models\CRUD->get(Array)
#5 D:\MyProject\web\html\ci4\system\CodeIgniter.php(910): App\Controllers\Home->personal_info()
#6 D:\MyProject\web\html\ci4\system\CodeIgniter.php(398): CodeIgniter\CodeIgniter->runController(Object(App\Controllers\Home))
#7 D:\MyProject\web\html\ci4\system\CodeIgniter.php(306): CodeIgniter\CodeIgniter->handleRequest(NULL, Object(Config\Cache), false)
#8 D:\MyProject\web\html\ci4\index.php(45): CodeIgniter\CodeIgniter->run()
#9 {main}
CRITICAL - 2021-02-01 10:54:37 --> {0} : {1}
#0 D:\MyProject\web\html\ci4\system\HTTP\CURLRequest.php(823): CodeIgniter\HTTP\Exceptions\HTTPException::forCurlError('35', 'OpenSSL SSL_con...')
#1 D:\MyProject\web\html\ci4\system\HTTP\CURLRequest.php(449): CodeIgniter\HTTP\CURLRequest->sendRequest(Array)
#2 D:\MyProject\web\html\ci4\system\HTTP\CURLRequest.php(158): CodeIgniter\HTTP\CURLRequest->send('GET', 'https://sas.smk...')
#3 D:\MyProject\web\html\ci4\app\Models\CRUD.php(33): CodeIgniter\HTTP\CURLRequest->request('GET', 'https://sas.smk...', Array)
#4 D:\MyProject\web\html\ci4\app\Controllers\Home.php(166): App\Models\CRUD->get(Array)
#5 D:\MyProject\web\html\ci4\system\CodeIgniter.php(910): App\Controllers\Home->personal_info()
#6 D:\MyProject\web\html\ci4\system\CodeIgniter.php(398): CodeIgniter\CodeIgniter->runController(Object(App\Controllers\Home))
#7 D:\MyProject\web\html\ci4\system\CodeIgniter.php(306): CodeIgniter\CodeIgniter->handleRequest(NULL, Object(Config\Cache), false)
#8 D:\MyProject\web\html\ci4\index.php(45): CodeIgniter\CodeIgniter->run()
#9 {main}
CRITICAL - 2021-02-01 10:54:40 --> {0} : {1}
#0 D:\MyProject\web\html\ci4\system\HTTP\CURLRequest.php(823): CodeIgniter\HTTP\Exceptions\HTTPException::forCurlError('35', 'OpenSSL SSL_con...')
#1 D:\MyProject\web\html\ci4\system\HTTP\CURLRequest.php(449): CodeIgniter\HTTP\CURLRequest->sendRequest(Array)
#2 D:\MyProject\web\html\ci4\system\HTTP\CURLRequest.php(158): CodeIgniter\HTTP\CURLRequest->send('GET', 'https://sas.smk...')
#3 D:\MyProject\web\html\ci4\app\Models\CRUD.php(33): CodeIgniter\HTTP\CURLRequest->request('GET', 'https://sas.smk...', Array)
#4 D:\MyProject\web\html\ci4\app\Controllers\Home.php(166): App\Models\CRUD->get(Array)
#5 D:\MyProject\web\html\ci4\system\CodeIgniter.php(910): App\Controllers\Home->personal_info()
#6 D:\MyProject\web\html\ci4\system\CodeIgniter.php(398): CodeIgniter\CodeIgniter->runController(Object(App\Controllers\Home))
#7 D:\MyProject\web\html\ci4\system\CodeIgniter.php(306): CodeIgniter\CodeIgniter->handleRequest(NULL, Object(Config\Cache), false)
#8 D:\MyProject\web\html\ci4\index.php(45): CodeIgniter\CodeIgniter->run()
#9 {main}
CRITICAL - 2021-02-01 10:54:48 --> {0} : {1}
#0 D:\MyProject\web\html\ci4\system\HTTP\CURLRequest.php(823): CodeIgniter\HTTP\Exceptions\HTTPException::forCurlError('35', 'OpenSSL SSL_con...')
#1 D:\MyProject\web\html\ci4\system\HTTP\CURLRequest.php(449): CodeIgniter\HTTP\CURLRequest->sendRequest(Array)
#2 D:\MyProject\web\html\ci4\system\HTTP\CURLRequest.php(158): CodeIgniter\HTTP\CURLRequest->send('GET', 'https://sas.smk...')
#3 D:\MyProject\web\html\ci4\app\Models\CRUD.php(33): CodeIgniter\HTTP\CURLRequest->request('GET', 'https://sas.smk...', Array)
#4 D:\MyProject\web\html\ci4\app\Controllers\Home.php(166): App\Models\CRUD->get(Array)
#5 D:\MyProject\web\html\ci4\system\CodeIgniter.php(910): App\Controllers\Home->personal_info()
#6 D:\MyProject\web\html\ci4\system\CodeIgniter.php(398): CodeIgniter\CodeIgniter->runController(Object(App\Controllers\Home))
#7 D:\MyProject\web\html\ci4\system\CodeIgniter.php(306): CodeIgniter\CodeIgniter->handleRequest(NULL, Object(Config\Cache), false)
#8 D:\MyProject\web\html\ci4\index.php(45): CodeIgniter\CodeIgniter->run()
#9 {main}
CRITICAL - 2021-02-01 10:54:57 --> {0} : {1}
#0 D:\MyProject\web\html\ci4\system\HTTP\CURLRequest.php(823): CodeIgniter\HTTP\Exceptions\HTTPException::forCurlError('35', 'OpenSSL SSL_con...')
#1 D:\MyProject\web\html\ci4\system\HTTP\CURLRequest.php(449): CodeIgniter\HTTP\CURLRequest->sendRequest(Array)
#2 D:\MyProject\web\html\ci4\system\HTTP\CURLRequest.php(158): CodeIgniter\HTTP\CURLRequest->send('GET', 'https://sas.smk...')
#3 D:\MyProject\web\html\ci4\app\Models\CRUD.php(33): CodeIgniter\HTTP\CURLRequest->request('GET', 'https://sas.smk...', Array)
#4 D:\MyProject\web\html\ci4\app\Controllers\Home.php(166): App\Models\CRUD->get(Array)
#5 D:\MyProject\web\html\ci4\system\CodeIgniter.php(910): App\Controllers\Home->personal_info()
#6 D:\MyProject\web\html\ci4\system\CodeIgniter.php(398): CodeIgniter\CodeIgniter->runController(Object(App\Controllers\Home))
#7 D:\MyProject\web\html\ci4\system\CodeIgniter.php(306): CodeIgniter\CodeIgniter->handleRequest(NULL, Object(Config\Cache), false)
#8 D:\MyProject\web\html\ci4\index.php(45): CodeIgniter\CodeIgniter->run()
#9 {main}
CRITICAL - 2021-02-01 10:55:09 --> {0} : {1}
#0 D:\MyProject\web\html\ci4\system\HTTP\CURLRequest.php(823): CodeIgniter\HTTP\Exceptions\HTTPException::forCurlError('35', 'OpenSSL SSL_con...')
#1 D:\MyProject\web\html\ci4\system\HTTP\CURLRequest.php(449): CodeIgniter\HTTP\CURLRequest->sendRequest(Array)
#2 D:\MyProject\web\html\ci4\system\HTTP\CURLRequest.php(158): CodeIgniter\HTTP\CURLRequest->send('GET', 'https://sas.smk...')
#3 D:\MyProject\web\html\ci4\app\Models\CRUD.php(33): CodeIgniter\HTTP\CURLRequest->request('GET', 'https://sas.smk...', Array)
#4 D:\MyProject\web\html\ci4\app\Controllers\Home.php(166): App\Models\CRUD->get(Array)
#5 D:\MyProject\web\html\ci4\system\CodeIgniter.php(910): App\Controllers\Home->personal_info()
#6 D:\MyProject\web\html\ci4\system\CodeIgniter.php(398): CodeIgniter\CodeIgniter->runController(Object(App\Controllers\Home))
#7 D:\MyProject\web\html\ci4\system\CodeIgniter.php(306): CodeIgniter\CodeIgniter->handleRequest(NULL, Object(Config\Cache), false)
#8 D:\MyProject\web\html\ci4\index.php(45): CodeIgniter\CodeIgniter->run()
#9 {main}
