CRITICAL - 2021-02-02 01:24:36 --> {0} : {1}
#0 D:\MyProject\web\html\ci4\system\HTTP\CURLRequest.php(823): CodeIgniter\HTTP\Exceptions\HTTPException::forCurlError('6', 'Could not resol...')
#1 D:\MyProject\web\html\ci4\system\HTTP\CURLRequest.php(449): CodeIgniter\HTTP\CURLRequest->sendRequest(Array)
#2 D:\MyProject\web\html\ci4\system\HTTP\CURLRequest.php(158): CodeIgniter\HTTP\CURLRequest->send('GET', 'http://AJAX/PSB...')
#3 D:\MyProject\web\html\ci4\app\Models\CRUD.php(33): CodeIgniter\HTTP\CURLRequest->request('GET', 'http://AJAX/PSB...', Array)
#4 D:\MyProject\web\html\ci4\app\Controllers\Home.php(200): App\Models\CRUD->get(Array)
#5 D:\MyProject\web\html\ci4\system\CodeIgniter.php(910): App\Controllers\Home->personal_info()
#6 D:\MyProject\web\html\ci4\system\CodeIgniter.php(398): CodeIgniter\CodeIgniter->runController(Object(App\Controllers\Home))
#7 D:\MyProject\web\html\ci4\system\CodeIgniter.php(306): CodeIgniter\CodeIgniter->handleRequest(NULL, Object(Config\Cache), false)
#8 D:\MyProject\web\html\ci4\index.php(45): CodeIgniter\CodeIgniter->run()
#9 {main}
CRITICAL - 2021-02-02 01:28:54 --> {0} : {1}
#0 D:\MyProject\web\html\ci4\system\HTTP\CURLRequest.php(823): CodeIgniter\HTTP\Exceptions\HTTPException::forCurlError('22', 'The requested U...')
#1 D:\MyProject\web\html\ci4\system\HTTP\CURLRequest.php(449): CodeIgniter\HTTP\CURLRequest->sendRequest(Array)
#2 D:\MyProject\web\html\ci4\system\HTTP\CURLRequest.php(158): CodeIgniter\HTTP\CURLRequest->send('POST', 'https://sas.smk...')
#3 D:\MyProject\web\html\ci4\app\Models\CRUD.php(21): CodeIgniter\HTTP\CURLRequest->request('POST', 'https://sas.smk...', Array)
#4 D:\MyProject\web\html\ci4\app\Controllers\Home.php(157): App\Models\CRUD->post(Array)
#5 D:\MyProject\web\html\ci4\system\CodeIgniter.php(910): App\Controllers\Home->save_personal()
#6 D:\MyProject\web\html\ci4\system\CodeIgniter.php(398): CodeIgniter\CodeIgniter->runController(Object(App\Controllers\Home))
#7 D:\MyProject\web\html\ci4\system\CodeIgniter.php(306): CodeIgniter\CodeIgniter->handleRequest(NULL, Object(Config\Cache), false)
#8 D:\MyProject\web\html\ci4\index.php(45): CodeIgniter\CodeIgniter->run()
#9 {main}
CRITICAL - 2021-02-02 01:29:23 --> {0} : {1}
#0 D:\MyProject\web\html\ci4\system\HTTP\CURLRequest.php(823): CodeIgniter\HTTP\Exceptions\HTTPException::forCurlError('22', 'The requested U...')
#1 D:\MyProject\web\html\ci4\system\HTTP\CURLRequest.php(449): CodeIgniter\HTTP\CURLRequest->sendRequest(Array)
#2 D:\MyProject\web\html\ci4\system\HTTP\CURLRequest.php(158): CodeIgniter\HTTP\CURLRequest->send('POST', 'https://sas.smk...')
#3 D:\MyProject\web\html\ci4\app\Models\CRUD.php(21): CodeIgniter\HTTP\CURLRequest->request('POST', 'https://sas.smk...', Array)
#4 D:\MyProject\web\html\ci4\app\Controllers\Home.php(157): App\Models\CRUD->post(Array)
#5 D:\MyProject\web\html\ci4\system\CodeIgniter.php(910): App\Controllers\Home->save_personal()
#6 D:\MyProject\web\html\ci4\system\CodeIgniter.php(398): CodeIgniter\CodeIgniter->runController(Object(App\Controllers\Home))
#7 D:\MyProject\web\html\ci4\system\CodeIgniter.php(306): CodeIgniter\CodeIgniter->handleRequest(NULL, Object(Config\Cache), false)
#8 D:\MyProject\web\html\ci4\index.php(45): CodeIgniter\CodeIgniter->run()
#9 {main}
CRITICAL - 2021-02-02 01:36:22 --> {0} : {1}
#0 D:\MyProject\web\html\ci4\system\HTTP\CURLRequest.php(823): CodeIgniter\HTTP\Exceptions\HTTPException::forCurlError('22', 'The requested U...')
#1 D:\MyProject\web\html\ci4\system\HTTP\CURLRequest.php(449): CodeIgniter\HTTP\CURLRequest->sendRequest(Array)
#2 D:\MyProject\web\html\ci4\system\HTTP\CURLRequest.php(158): CodeIgniter\HTTP\CURLRequest->send('GET', 'https://sas.smk...')
#3 D:\MyProject\web\html\ci4\app\Models\CRUD.php(33): CodeIgniter\HTTP\CURLRequest->request('GET', 'https://sas.smk...', Array)
#4 D:\MyProject\web\html\ci4\app\Controllers\Home.php(200): App\Models\CRUD->get(Array)
#5 D:\MyProject\web\html\ci4\system\CodeIgniter.php(910): App\Controllers\Home->personal_info()
#6 D:\MyProject\web\html\ci4\system\CodeIgniter.php(398): CodeIgniter\CodeIgniter->runController(Object(App\Controllers\Home))
#7 D:\MyProject\web\html\ci4\system\CodeIgniter.php(306): CodeIgniter\CodeIgniter->handleRequest(NULL, Object(Config\Cache), false)
#8 D:\MyProject\web\html\ci4\index.php(45): CodeIgniter\CodeIgniter->run()
#9 {main}
CRITICAL - 2021-02-02 01:36:27 --> {0} : {1}
#0 D:\MyProject\web\html\ci4\system\HTTP\CURLRequest.php(823): CodeIgniter\HTTP\Exceptions\HTTPException::forCurlError('22', 'The requested U...')
#1 D:\MyProject\web\html\ci4\system\HTTP\CURLRequest.php(449): CodeIgniter\HTTP\CURLRequest->sendRequest(Array)
#2 D:\MyProject\web\html\ci4\system\HTTP\CURLRequest.php(158): CodeIgniter\HTTP\CURLRequest->send('GET', 'https://sas.smk...')
#3 D:\MyProject\web\html\ci4\app\Models\CRUD.php(33): CodeIgniter\HTTP\CURLRequest->request('GET', 'https://sas.smk...', Array)
#4 D:\MyProject\web\html\ci4\app\Controllers\Home.php(200): App\Models\CRUD->get(Array)
#5 D:\MyProject\web\html\ci4\system\CodeIgniter.php(910): App\Controllers\Home->personal_info()
#6 D:\MyProject\web\html\ci4\system\CodeIgniter.php(398): CodeIgniter\CodeIgniter->runController(Object(App\Controllers\Home))
#7 D:\MyProject\web\html\ci4\system\CodeIgniter.php(306): CodeIgniter\CodeIgniter->handleRequest(NULL, Object(Config\Cache), false)
#8 D:\MyProject\web\html\ci4\index.php(45): CodeIgniter\CodeIgniter->run()
#9 {main}
CRITICAL - 2021-02-02 01:36:35 --> {0} : {1}
#0 D:\MyProject\web\html\ci4\system\HTTP\CURLRequest.php(823): CodeIgniter\HTTP\Exceptions\HTTPException::forCurlError('22', 'The requested U...')
#1 D:\MyProject\web\html\ci4\system\HTTP\CURLRequest.php(449): CodeIgniter\HTTP\CURLRequest->sendRequest(Array)
#2 D:\MyProject\web\html\ci4\system\HTTP\CURLRequest.php(158): CodeIgniter\HTTP\CURLRequest->send('GET', 'https://sas.smk...')
#3 D:\MyProject\web\html\ci4\app\Models\CRUD.php(33): CodeIgniter\HTTP\CURLRequest->request('GET', 'https://sas.smk...', Array)
#4 D:\MyProject\web\html\ci4\app\Controllers\Home.php(200): App\Models\CRUD->get(Array)
#5 D:\MyProject\web\html\ci4\system\CodeIgniter.php(910): App\Controllers\Home->personal_info()
#6 D:\MyProject\web\html\ci4\system\CodeIgniter.php(398): CodeIgniter\CodeIgniter->runController(Object(App\Controllers\Home))
#7 D:\MyProject\web\html\ci4\system\CodeIgniter.php(306): CodeIgniter\CodeIgniter->handleRequest(NULL, Object(Config\Cache), false)
#8 D:\MyProject\web\html\ci4\index.php(45): CodeIgniter\CodeIgniter->run()
#9 {main}
CRITICAL - 2021-02-02 01:36:36 --> {0} : {1}
#0 D:\MyProject\web\html\ci4\system\HTTP\CURLRequest.php(823): CodeIgniter\HTTP\Exceptions\HTTPException::forCurlError('22', 'The requested U...')
#1 D:\MyProject\web\html\ci4\system\HTTP\CURLRequest.php(449): CodeIgniter\HTTP\CURLRequest->sendRequest(Array)
#2 D:\MyProject\web\html\ci4\system\HTTP\CURLRequest.php(158): CodeIgniter\HTTP\CURLRequest->send('GET', 'https://sas.smk...')
#3 D:\MyProject\web\html\ci4\app\Models\CRUD.php(33): CodeIgniter\HTTP\CURLRequest->request('GET', 'https://sas.smk...', Array)
#4 D:\MyProject\web\html\ci4\app\Controllers\Home.php(200): App\Models\CRUD->get(Array)
#5 D:\MyProject\web\html\ci4\system\CodeIgniter.php(910): App\Controllers\Home->personal_info()
#6 D:\MyProject\web\html\ci4\system\CodeIgniter.php(398): CodeIgniter\CodeIgniter->runController(Object(App\Controllers\Home))
#7 D:\MyProject\web\html\ci4\system\CodeIgniter.php(306): CodeIgniter\CodeIgniter->handleRequest(NULL, Object(Config\Cache), false)
#8 D:\MyProject\web\html\ci4\index.php(45): CodeIgniter\CodeIgniter->run()
#9 {main}
CRITICAL - 2021-02-02 01:36:38 --> {0} : {1}
#0 D:\MyProject\web\html\ci4\system\HTTP\CURLRequest.php(823): CodeIgniter\HTTP\Exceptions\HTTPException::forCurlError('22', 'The requested U...')
#1 D:\MyProject\web\html\ci4\system\HTTP\CURLRequest.php(449): CodeIgniter\HTTP\CURLRequest->sendRequest(Array)
#2 D:\MyProject\web\html\ci4\system\HTTP\CURLRequest.php(158): CodeIgniter\HTTP\CURLRequest->send('GET', 'https://sas.smk...')
#3 D:\MyProject\web\html\ci4\app\Models\CRUD.php(33): CodeIgniter\HTTP\CURLRequest->request('GET', 'https://sas.smk...', Array)
#4 D:\MyProject\web\html\ci4\app\Controllers\Home.php(200): App\Models\CRUD->get(Array)
#5 D:\MyProject\web\html\ci4\system\CodeIgniter.php(910): App\Controllers\Home->personal_info()
#6 D:\MyProject\web\html\ci4\system\CodeIgniter.php(398): CodeIgniter\CodeIgniter->runController(Object(App\Controllers\Home))
#7 D:\MyProject\web\html\ci4\system\CodeIgniter.php(306): CodeIgniter\CodeIgniter->handleRequest(NULL, Object(Config\Cache), false)
#8 D:\MyProject\web\html\ci4\index.php(45): CodeIgniter\CodeIgniter->run()
#9 {main}
CRITICAL - 2021-02-02 01:36:44 --> {0} : {1}
#0 D:\MyProject\web\html\ci4\system\HTTP\CURLRequest.php(823): CodeIgniter\HTTP\Exceptions\HTTPException::forCurlError('22', 'The requested U...')
#1 D:\MyProject\web\html\ci4\system\HTTP\CURLRequest.php(449): CodeIgniter\HTTP\CURLRequest->sendRequest(Array)
#2 D:\MyProject\web\html\ci4\system\HTTP\CURLRequest.php(158): CodeIgniter\HTTP\CURLRequest->send('GET', 'https://sas.smk...')
#3 D:\MyProject\web\html\ci4\app\Models\CRUD.php(33): CodeIgniter\HTTP\CURLRequest->request('GET', 'https://sas.smk...', Array)
#4 D:\MyProject\web\html\ci4\app\Controllers\Home.php(200): App\Models\CRUD->get(Array)
#5 D:\MyProject\web\html\ci4\system\CodeIgniter.php(910): App\Controllers\Home->personal_info()
#6 D:\MyProject\web\html\ci4\system\CodeIgniter.php(398): CodeIgniter\CodeIgniter->runController(Object(App\Controllers\Home))
#7 D:\MyProject\web\html\ci4\system\CodeIgniter.php(306): CodeIgniter\CodeIgniter->handleRequest(NULL, Object(Config\Cache), false)
#8 D:\MyProject\web\html\ci4\index.php(45): CodeIgniter\CodeIgniter->run()
#9 {main}
CRITICAL - 2021-02-02 01:38:01 --> syntax error, unexpected '?>'
#0 D:\MyProject\web\html\ci4\system\Common.php(1071): CodeIgniter\View\View->render('personal_info', Array, true)
#1 D:\MyProject\web\html\ci4\app\Views\templates\base.php(31): view('personal_info', Array)
#2 D:\MyProject\web\html\ci4\system\View\View.php(236): include('D:\\MyProject\\we...')
#3 D:\MyProject\web\html\ci4\system\Common.php(1071): CodeIgniter\View\View->render('templates/base', Array, true)
#4 D:\MyProject\web\html\ci4\app\Controllers\Home.php(203): view('templates/base', Array)
#5 D:\MyProject\web\html\ci4\system\CodeIgniter.php(910): App\Controllers\Home->personal_info()
#6 D:\MyProject\web\html\ci4\system\CodeIgniter.php(398): CodeIgniter\CodeIgniter->runController(Object(App\Controllers\Home))
#7 D:\MyProject\web\html\ci4\system\CodeIgniter.php(306): CodeIgniter\CodeIgniter->handleRequest(NULL, Object(Config\Cache), false)
#8 D:\MyProject\web\html\ci4\index.php(45): CodeIgniter\CodeIgniter->run()
#9 {main}
CRITICAL - 2021-02-02 01:38:14 --> Trying to get property 'reg_id' of non-object
#0 D:\MyProject\web\html\ci4\app\Views\personal_info.php(37): CodeIgniter\Debug\Exceptions->errorHandler(8, 'Trying to get p...', 'D:\\MyProject\\we...', 37, Array)
#1 D:\MyProject\web\html\ci4\system\View\View.php(236): include('D:\\MyProject\\we...')
#2 D:\MyProject\web\html\ci4\system\Common.php(1071): CodeIgniter\View\View->render('personal_info', Array, true)
#3 D:\MyProject\web\html\ci4\app\Views\templates\base.php(31): view('personal_info', Array)
#4 D:\MyProject\web\html\ci4\system\View\View.php(236): include('D:\\MyProject\\we...')
#5 D:\MyProject\web\html\ci4\system\Common.php(1071): CodeIgniter\View\View->render('templates/base', Array, true)
#6 D:\MyProject\web\html\ci4\app\Controllers\Home.php(203): view('templates/base', Array)
#7 D:\MyProject\web\html\ci4\system\CodeIgniter.php(910): App\Controllers\Home->personal_info()
#8 D:\MyProject\web\html\ci4\system\CodeIgniter.php(398): CodeIgniter\CodeIgniter->runController(Object(App\Controllers\Home))
#9 D:\MyProject\web\html\ci4\system\CodeIgniter.php(306): CodeIgniter\CodeIgniter->handleRequest(NULL, Object(Config\Cache), false)
#10 D:\MyProject\web\html\ci4\index.php(45): CodeIgniter\CodeIgniter->run()
#11 {main}
CRITICAL - 2021-02-02 01:48:18 --> {0} : {1}
#0 D:\MyProject\web\html\ci4\system\HTTP\CURLRequest.php(823): CodeIgniter\HTTP\Exceptions\HTTPException::forCurlError('22', 'The requested U...')
#1 D:\MyProject\web\html\ci4\system\HTTP\CURLRequest.php(449): CodeIgniter\HTTP\CURLRequest->sendRequest(Array)
#2 D:\MyProject\web\html\ci4\system\HTTP\CURLRequest.php(158): CodeIgniter\HTTP\CURLRequest->send('POST', 'https://sas.smk...')
#3 D:\MyProject\web\html\ci4\app\Models\CRUD.php(21): CodeIgniter\HTTP\CURLRequest->request('POST', 'https://sas.smk...', Array)
#4 D:\MyProject\web\html\ci4\app\Controllers\Home.php(157): App\Models\CRUD->post(Array)
#5 D:\MyProject\web\html\ci4\system\CodeIgniter.php(910): App\Controllers\Home->save_personal()
#6 D:\MyProject\web\html\ci4\system\CodeIgniter.php(398): CodeIgniter\CodeIgniter->runController(Object(App\Controllers\Home))
#7 D:\MyProject\web\html\ci4\system\CodeIgniter.php(306): CodeIgniter\CodeIgniter->handleRequest(NULL, Object(Config\Cache), false)
#8 D:\MyProject\web\html\ci4\index.php(45): CodeIgniter\CodeIgniter->run()
#9 {main}
CRITICAL - 2021-02-02 01:49:11 --> Trying to get property 'no_pendaftaran' of non-object
#0 D:\MyProject\web\html\ci4\app\Views\personal_info.php(37): CodeIgniter\Debug\Exceptions->errorHandler(8, 'Trying to get p...', 'D:\\MyProject\\we...', 37, Array)
#1 D:\MyProject\web\html\ci4\system\View\View.php(236): include('D:\\MyProject\\we...')
#2 D:\MyProject\web\html\ci4\system\Common.php(1071): CodeIgniter\View\View->render('personal_info', Array, true)
#3 D:\MyProject\web\html\ci4\app\Views\templates\base.php(31): view('personal_info', Array)
#4 D:\MyProject\web\html\ci4\system\View\View.php(236): include('D:\\MyProject\\we...')
#5 D:\MyProject\web\html\ci4\system\Common.php(1071): CodeIgniter\View\View->render('templates/base', Array, true)
#6 D:\MyProject\web\html\ci4\app\Controllers\Home.php(203): view('templates/base', Array)
#7 D:\MyProject\web\html\ci4\system\CodeIgniter.php(910): App\Controllers\Home->personal_info()
#8 D:\MyProject\web\html\ci4\system\CodeIgniter.php(398): CodeIgniter\CodeIgniter->runController(Object(App\Controllers\Home))
#9 D:\MyProject\web\html\ci4\system\CodeIgniter.php(306): CodeIgniter\CodeIgniter->handleRequest(NULL, Object(Config\Cache), false)
#10 D:\MyProject\web\html\ci4\index.php(45): CodeIgniter\CodeIgniter->run()
#11 {main}
CRITICAL - 2021-02-02 01:49:25 --> Trying to get property 'no_pendaftaran' of non-object
#0 D:\MyProject\web\html\ci4\app\Views\personal_info.php(37): CodeIgniter\Debug\Exceptions->errorHandler(8, 'Trying to get p...', 'D:\\MyProject\\we...', 37, Array)
#1 D:\MyProject\web\html\ci4\system\View\View.php(236): include('D:\\MyProject\\we...')
#2 D:\MyProject\web\html\ci4\system\Common.php(1071): CodeIgniter\View\View->render('personal_info', Array, true)
#3 D:\MyProject\web\html\ci4\app\Views\templates\base.php(31): view('personal_info', Array)
#4 D:\MyProject\web\html\ci4\system\View\View.php(236): include('D:\\MyProject\\we...')
#5 D:\MyProject\web\html\ci4\system\Common.php(1071): CodeIgniter\View\View->render('templates/base', Array, true)
#6 D:\MyProject\web\html\ci4\app\Controllers\Home.php(203): view('templates/base', Array)
#7 D:\MyProject\web\html\ci4\system\CodeIgniter.php(910): App\Controllers\Home->personal_info()
#8 D:\MyProject\web\html\ci4\system\CodeIgniter.php(398): CodeIgniter\CodeIgniter->runController(Object(App\Controllers\Home))
#9 D:\MyProject\web\html\ci4\system\CodeIgniter.php(306): CodeIgniter\CodeIgniter->handleRequest(NULL, Object(Config\Cache), false)
#10 D:\MyProject\web\html\ci4\index.php(45): CodeIgniter\CodeIgniter->run()
#11 {main}
CRITICAL - 2021-02-02 01:49:50 --> Trying to get property 'no_pendaftaran' of non-object
#0 D:\MyProject\web\html\ci4\app\Views\personal_info.php(37): CodeIgniter\Debug\Exceptions->errorHandler(8, 'Trying to get p...', 'D:\\MyProject\\we...', 37, Array)
#1 D:\MyProject\web\html\ci4\system\View\View.php(236): include('D:\\MyProject\\we...')
#2 D:\MyProject\web\html\ci4\system\Common.php(1071): CodeIgniter\View\View->render('personal_info', Array, true)
#3 D:\MyProject\web\html\ci4\app\Views\templates\base.php(31): view('personal_info', Array)
#4 D:\MyProject\web\html\ci4\system\View\View.php(236): include('D:\\MyProject\\we...')
#5 D:\MyProject\web\html\ci4\system\Common.php(1071): CodeIgniter\View\View->render('templates/base', Array, true)
#6 D:\MyProject\web\html\ci4\app\Controllers\Home.php(203): view('templates/base', Array)
#7 D:\MyProject\web\html\ci4\system\CodeIgniter.php(910): App\Controllers\Home->personal_info()
#8 D:\MyProject\web\html\ci4\system\CodeIgniter.php(398): CodeIgniter\CodeIgniter->runController(Object(App\Controllers\Home))
#9 D:\MyProject\web\html\ci4\system\CodeIgniter.php(306): CodeIgniter\CodeIgniter->handleRequest(NULL, Object(Config\Cache), false)
#10 D:\MyProject\web\html\ci4\index.php(45): CodeIgniter\CodeIgniter->run()
#11 {main}
CRITICAL - 2021-02-02 01:50:38 --> {0} : {1}
#0 D:\MyProject\web\html\ci4\system\HTTP\CURLRequest.php(823): CodeIgniter\HTTP\Exceptions\HTTPException::forCurlError('22', 'The requested U...')
#1 D:\MyProject\web\html\ci4\system\HTTP\CURLRequest.php(449): CodeIgniter\HTTP\CURLRequest->sendRequest(Array)
#2 D:\MyProject\web\html\ci4\system\HTTP\CURLRequest.php(158): CodeIgniter\HTTP\CURLRequest->send('POST', 'https://sas.smk...')
#3 D:\MyProject\web\html\ci4\app\Models\CRUD.php(21): CodeIgniter\HTTP\CURLRequest->request('POST', 'https://sas.smk...', Array)
#4 D:\MyProject\web\html\ci4\app\Controllers\Home.php(157): App\Models\CRUD->post(Array)
#5 D:\MyProject\web\html\ci4\system\CodeIgniter.php(910): App\Controllers\Home->save_personal()
#6 D:\MyProject\web\html\ci4\system\CodeIgniter.php(398): CodeIgniter\CodeIgniter->runController(Object(App\Controllers\Home))
#7 D:\MyProject\web\html\ci4\system\CodeIgniter.php(306): CodeIgniter\CodeIgniter->handleRequest(NULL, Object(Config\Cache), false)
#8 D:\MyProject\web\html\ci4\index.php(45): CodeIgniter\CodeIgniter->run()
#9 {main}
