CRITICAL - 2020-04-23 02:54:37 --> {0} : {1}
#0 D:\MyProject\web\html\ci4\system\HTTP\CURLRequest.php(823): CodeIgniter\HTTP\Exceptions\HTTPException::forCurlError('22', 'The requested U...')
#1 D:\MyProject\web\html\ci4\system\HTTP\CURLRequest.php(449): CodeIgniter\HTTP\CURLRequest->sendRequest(Array)
#2 D:\MyProject\web\html\ci4\system\HTTP\CURLRequest.php(158): CodeIgniter\HTTP\CURLRequest->send('GET', 'https://sas.smk...')
#3 D:\MyProject\web\html\ci4\app\Models\CRUD.php(17): CodeIgniter\HTTP\CURLRequest->request('GET', 'https://sas.smk...', Array)
#4 D:\MyProject\web\html\ci4\app\Controllers\Home.php(50): App\Models\CRUD->get(Array)
#5 D:\MyProject\web\html\ci4\system\CodeIgniter.php(910): App\Controllers\Home->registering()
#6 D:\MyProject\web\html\ci4\system\CodeIgniter.php(398): CodeIgniter\CodeIgniter->runController(Object(App\Controllers\Home))
#7 D:\MyProject\web\html\ci4\system\CodeIgniter.php(306): CodeIgniter\CodeIgniter->handleRequest(NULL, Object(Config\Cache), false)
#8 D:\MyProject\web\html\ci4\index.php(45): CodeIgniter\CodeIgniter->run()
#9 {main}
CRITICAL - 2020-04-23 02:58:53 --> syntax error, unexpected ';', expecting ')'
#0 D:\MyProject\web\html\ci4\system\Router\Router.php(192): CodeIgniter\Router\Router->autoRoute('Home/registerin...')
#1 D:\MyProject\web\html\ci4\system\CodeIgniter.php(785): CodeIgniter\Router\Router->handle('Home/registerin...')
#2 D:\MyProject\web\html\ci4\system\CodeIgniter.php(358): CodeIgniter\CodeIgniter->tryToRouteIt(Object(CodeIgniter\Router\RouteCollection))
#3 D:\MyProject\web\html\ci4\system\CodeIgniter.php(306): CodeIgniter\CodeIgniter->handleRequest(NULL, Object(Config\Cache), false)
#4 D:\MyProject\web\html\ci4\index.php(45): CodeIgniter\CodeIgniter->run()
#5 {main}
CRITICAL - 2020-04-23 03:03:52 --> syntax error, unexpected '$response' (T_VARIABLE)
#0 D:\MyProject\web\html\ci4\system\Router\Router.php(192): CodeIgniter\Router\Router->autoRoute('Home/registerin...')
#1 D:\MyProject\web\html\ci4\system\CodeIgniter.php(785): CodeIgniter\Router\Router->handle('Home/registerin...')
#2 D:\MyProject\web\html\ci4\system\CodeIgniter.php(358): CodeIgniter\CodeIgniter->tryToRouteIt(Object(CodeIgniter\Router\RouteCollection))
#3 D:\MyProject\web\html\ci4\system\CodeIgniter.php(306): CodeIgniter\CodeIgniter->handleRequest(NULL, Object(Config\Cache), false)
#4 D:\MyProject\web\html\ci4\index.php(45): CodeIgniter\CodeIgniter->run()
#5 {main}
CRITICAL - 2020-04-23 03:04:24 --> syntax error, unexpected '$response' (T_VARIABLE)
#0 D:\MyProject\web\html\ci4\system\Router\Router.php(192): CodeIgniter\Router\Router->autoRoute('Home/registerin...')
#1 D:\MyProject\web\html\ci4\system\CodeIgniter.php(785): CodeIgniter\Router\Router->handle('Home/registerin...')
#2 D:\MyProject\web\html\ci4\system\CodeIgniter.php(358): CodeIgniter\CodeIgniter->tryToRouteIt(Object(CodeIgniter\Router\RouteCollection))
#3 D:\MyProject\web\html\ci4\system\CodeIgniter.php(306): CodeIgniter\CodeIgniter->handleRequest(NULL, Object(Config\Cache), false)
#4 D:\MyProject\web\html\ci4\index.php(45): CodeIgniter\CodeIgniter->run()
#5 {main}
CRITICAL - 2020-04-23 03:06:39 --> Call to a member function getBody() on array
#0 D:\MyProject\web\html\ci4\system\CodeIgniter.php(910): App\Controllers\Home->registering()
#1 D:\MyProject\web\html\ci4\system\CodeIgniter.php(398): CodeIgniter\CodeIgniter->runController(Object(App\Controllers\Home))
#2 D:\MyProject\web\html\ci4\system\CodeIgniter.php(306): CodeIgniter\CodeIgniter->handleRequest(NULL, Object(Config\Cache), false)
#3 D:\MyProject\web\html\ci4\index.php(45): CodeIgniter\CodeIgniter->run()
#4 {main}
CRITICAL - 2020-04-23 03:07:09 --> json_decode() expects parameter 1 to be string, array given
#0 [internal function]: CodeIgniter\Debug\Exceptions->errorHandler(2, 'json_decode() e...', 'D:\\MyProject\\we...', 59, Array)
#1 D:\MyProject\web\html\ci4\app\Controllers\Home.php(59): json_decode(Array)
#2 D:\MyProject\web\html\ci4\system\CodeIgniter.php(910): App\Controllers\Home->registering()
#3 D:\MyProject\web\html\ci4\system\CodeIgniter.php(398): CodeIgniter\CodeIgniter->runController(Object(App\Controllers\Home))
#4 D:\MyProject\web\html\ci4\system\CodeIgniter.php(306): CodeIgniter\CodeIgniter->handleRequest(NULL, Object(Config\Cache), false)
#5 D:\MyProject\web\html\ci4\index.php(45): CodeIgniter\CodeIgniter->run()
#6 {main}
CRITICAL - 2020-04-23 03:07:45 --> Call to a member function getBody() on array
#0 D:\MyProject\web\html\ci4\system\CodeIgniter.php(910): App\Controllers\Home->registering()
#1 D:\MyProject\web\html\ci4\system\CodeIgniter.php(398): CodeIgniter\CodeIgniter->runController(Object(App\Controllers\Home))
#2 D:\MyProject\web\html\ci4\system\CodeIgniter.php(306): CodeIgniter\CodeIgniter->handleRequest(NULL, Object(Config\Cache), false)
#3 D:\MyProject\web\html\ci4\index.php(45): CodeIgniter\CodeIgniter->run()
#4 {main}
CRITICAL - 2020-04-23 03:11:55 --> syntax error, unexpected ';', expecting ')'
#0 D:\MyProject\web\html\ci4\system\Router\Router.php(192): CodeIgniter\Router\Router->autoRoute('Home/registerin...')
#1 D:\MyProject\web\html\ci4\system\CodeIgniter.php(785): CodeIgniter\Router\Router->handle('Home/registerin...')
#2 D:\MyProject\web\html\ci4\system\CodeIgniter.php(358): CodeIgniter\CodeIgniter->tryToRouteIt(Object(CodeIgniter\Router\RouteCollection))
#3 D:\MyProject\web\html\ci4\system\CodeIgniter.php(306): CodeIgniter\CodeIgniter->handleRequest(NULL, Object(Config\Cache), false)
#4 D:\MyProject\web\html\ci4\index.php(45): CodeIgniter\CodeIgniter->run()
#5 {main}
CRITICAL - 2020-04-23 03:25:29 --> {0} : {1}
#0 D:\MyProject\web\html\ci4\system\HTTP\CURLRequest.php(823): CodeIgniter\HTTP\Exceptions\HTTPException::forCurlError('22', 'The requested U...')
#1 D:\MyProject\web\html\ci4\system\HTTP\CURLRequest.php(449): CodeIgniter\HTTP\CURLRequest->sendRequest(Array)
#2 D:\MyProject\web\html\ci4\system\HTTP\CURLRequest.php(158): CodeIgniter\HTTP\CURLRequest->send('POST', 'https://sas.smk...')
#3 D:\MyProject\web\html\ci4\app\Models\CRUD.php(21): CodeIgniter\HTTP\CURLRequest->request('POST', 'https://sas.smk...', Array)
#4 D:\MyProject\web\html\ci4\app\Controllers\Home.php(56): App\Models\CRUD->post(Array)
#5 D:\MyProject\web\html\ci4\system\CodeIgniter.php(910): App\Controllers\Home->registering()
#6 D:\MyProject\web\html\ci4\system\CodeIgniter.php(398): CodeIgniter\CodeIgniter->runController(Object(App\Controllers\Home))
#7 D:\MyProject\web\html\ci4\system\CodeIgniter.php(306): CodeIgniter\CodeIgniter->handleRequest(NULL, Object(Config\Cache), false)
#8 D:\MyProject\web\html\ci4\index.php(45): CodeIgniter\CodeIgniter->run()
#9 {main}
CRITICAL - 2020-04-23 03:39:56 --> {0} : {1}
#0 D:\MyProject\web\html\ci4\system\HTTP\CURLRequest.php(823): CodeIgniter\HTTP\Exceptions\HTTPException::forCurlError('22', 'The requested U...')
#1 D:\MyProject\web\html\ci4\system\HTTP\CURLRequest.php(449): CodeIgniter\HTTP\CURLRequest->sendRequest(Array)
#2 D:\MyProject\web\html\ci4\system\HTTP\CURLRequest.php(158): CodeIgniter\HTTP\CURLRequest->send('POST', 'https://sas.smk...')
#3 D:\MyProject\web\html\ci4\app\Models\CRUD.php(21): CodeIgniter\HTTP\CURLRequest->request('POST', 'https://sas.smk...', Array)
#4 D:\MyProject\web\html\ci4\app\Controllers\Home.php(56): App\Models\CRUD->post(Array)
#5 D:\MyProject\web\html\ci4\system\CodeIgniter.php(910): App\Controllers\Home->registering()
#6 D:\MyProject\web\html\ci4\system\CodeIgniter.php(398): CodeIgniter\CodeIgniter->runController(Object(App\Controllers\Home))
#7 D:\MyProject\web\html\ci4\system\CodeIgniter.php(306): CodeIgniter\CodeIgniter->handleRequest(NULL, Object(Config\Cache), false)
#8 D:\MyProject\web\html\ci4\index.php(45): CodeIgniter\CodeIgniter->run()
#9 {main}
CRITICAL - 2020-04-23 03:40:55 --> {0} : {1}
#0 D:\MyProject\web\html\ci4\system\HTTP\CURLRequest.php(823): CodeIgniter\HTTP\Exceptions\HTTPException::forCurlError('22', 'The requested U...')
#1 D:\MyProject\web\html\ci4\system\HTTP\CURLRequest.php(449): CodeIgniter\HTTP\CURLRequest->sendRequest(Array)
#2 D:\MyProject\web\html\ci4\system\HTTP\CURLRequest.php(158): CodeIgniter\HTTP\CURLRequest->send('POST', 'https://sas.smk...')
#3 D:\MyProject\web\html\ci4\app\Models\CRUD.php(21): CodeIgniter\HTTP\CURLRequest->request('POST', 'https://sas.smk...', Array)
#4 D:\MyProject\web\html\ci4\app\Controllers\Home.php(56): App\Models\CRUD->post(Array)
#5 D:\MyProject\web\html\ci4\system\CodeIgniter.php(910): App\Controllers\Home->registering()
#6 D:\MyProject\web\html\ci4\system\CodeIgniter.php(398): CodeIgniter\CodeIgniter->runController(Object(App\Controllers\Home))
#7 D:\MyProject\web\html\ci4\system\CodeIgniter.php(306): CodeIgniter\CodeIgniter->handleRequest(NULL, Object(Config\Cache), false)
#8 D:\MyProject\web\html\ci4\index.php(45): CodeIgniter\CodeIgniter->run()
#9 {main}
CRITICAL - 2020-04-23 04:09:16 --> {0} : {1}
#0 D:\MyProject\web\html\ci4\system\HTTP\CURLRequest.php(823): CodeIgniter\HTTP\Exceptions\HTTPException::forCurlError('22', 'The requested U...')
#1 D:\MyProject\web\html\ci4\system\HTTP\CURLRequest.php(449): CodeIgniter\HTTP\CURLRequest->sendRequest(Array)
#2 D:\MyProject\web\html\ci4\system\HTTP\CURLRequest.php(158): CodeIgniter\HTTP\CURLRequest->send('POST', 'https://sas.smk...')
#3 D:\MyProject\web\html\ci4\app\Models\CRUD.php(21): CodeIgniter\HTTP\CURLRequest->request('POST', 'https://sas.smk...', Array)
#4 D:\MyProject\web\html\ci4\app\Controllers\Home.php(56): App\Models\CRUD->post(Array)
#5 D:\MyProject\web\html\ci4\system\CodeIgniter.php(910): App\Controllers\Home->registering()
#6 D:\MyProject\web\html\ci4\system\CodeIgniter.php(398): CodeIgniter\CodeIgniter->runController(Object(App\Controllers\Home))
#7 D:\MyProject\web\html\ci4\system\CodeIgniter.php(306): CodeIgniter\CodeIgniter->handleRequest(NULL, Object(Config\Cache), false)
#8 D:\MyProject\web\html\ci4\index.php(45): CodeIgniter\CodeIgniter->run()
#9 {main}
CRITICAL - 2020-04-23 04:09:52 --> {0} : {1}
#0 D:\MyProject\web\html\ci4\system\HTTP\CURLRequest.php(823): CodeIgniter\HTTP\Exceptions\HTTPException::forCurlError('22', 'The requested U...')
#1 D:\MyProject\web\html\ci4\system\HTTP\CURLRequest.php(449): CodeIgniter\HTTP\CURLRequest->sendRequest(Array)
#2 D:\MyProject\web\html\ci4\system\HTTP\CURLRequest.php(158): CodeIgniter\HTTP\CURLRequest->send('POST', 'https://sas.smk...')
#3 D:\MyProject\web\html\ci4\app\Models\CRUD.php(21): CodeIgniter\HTTP\CURLRequest->request('POST', 'https://sas.smk...', Array)
#4 D:\MyProject\web\html\ci4\app\Controllers\Home.php(56): App\Models\CRUD->post(Array)
#5 D:\MyProject\web\html\ci4\system\CodeIgniter.php(910): App\Controllers\Home->registering()
#6 D:\MyProject\web\html\ci4\system\CodeIgniter.php(398): CodeIgniter\CodeIgniter->runController(Object(App\Controllers\Home))
#7 D:\MyProject\web\html\ci4\system\CodeIgniter.php(306): CodeIgniter\CodeIgniter->handleRequest(NULL, Object(Config\Cache), false)
#8 D:\MyProject\web\html\ci4\index.php(45): CodeIgniter\CodeIgniter->run()
#9 {main}
CRITICAL - 2020-04-23 04:10:51 --> {0} : {1}
#0 D:\MyProject\web\html\ci4\system\HTTP\CURLRequest.php(823): CodeIgniter\HTTP\Exceptions\HTTPException::forCurlError('22', 'The requested U...')
#1 D:\MyProject\web\html\ci4\system\HTTP\CURLRequest.php(449): CodeIgniter\HTTP\CURLRequest->sendRequest(Array)
#2 D:\MyProject\web\html\ci4\system\HTTP\CURLRequest.php(158): CodeIgniter\HTTP\CURLRequest->send('POST', 'https://sas.smk...')
#3 D:\MyProject\web\html\ci4\app\Models\CRUD.php(21): CodeIgniter\HTTP\CURLRequest->request('POST', 'https://sas.smk...', Array)
#4 D:\MyProject\web\html\ci4\app\Controllers\Home.php(56): App\Models\CRUD->post(Array)
#5 D:\MyProject\web\html\ci4\system\CodeIgniter.php(910): App\Controllers\Home->registering()
#6 D:\MyProject\web\html\ci4\system\CodeIgniter.php(398): CodeIgniter\CodeIgniter->runController(Object(App\Controllers\Home))
#7 D:\MyProject\web\html\ci4\system\CodeIgniter.php(306): CodeIgniter\CodeIgniter->handleRequest(NULL, Object(Config\Cache), false)
#8 D:\MyProject\web\html\ci4\index.php(45): CodeIgniter\CodeIgniter->run()
#9 {main}
CRITICAL - 2020-04-23 04:26:49 --> {0} : {1}
#0 D:\MyProject\web\html\ci4\system\HTTP\CURLRequest.php(823): CodeIgniter\HTTP\Exceptions\HTTPException::forCurlError('22', 'The requested U...')
#1 D:\MyProject\web\html\ci4\system\HTTP\CURLRequest.php(449): CodeIgniter\HTTP\CURLRequest->sendRequest(Array)
#2 D:\MyProject\web\html\ci4\system\HTTP\CURLRequest.php(158): CodeIgniter\HTTP\CURLRequest->send('POST', 'https://sas.smk...')
#3 D:\MyProject\web\html\ci4\app\Models\CRUD.php(21): CodeIgniter\HTTP\CURLRequest->request('POST', 'https://sas.smk...', Array)
#4 D:\MyProject\web\html\ci4\app\Controllers\Home.php(56): App\Models\CRUD->post(Array)
#5 D:\MyProject\web\html\ci4\system\CodeIgniter.php(910): App\Controllers\Home->registering()
#6 D:\MyProject\web\html\ci4\system\CodeIgniter.php(398): CodeIgniter\CodeIgniter->runController(Object(App\Controllers\Home))
#7 D:\MyProject\web\html\ci4\system\CodeIgniter.php(306): CodeIgniter\CodeIgniter->handleRequest(NULL, Object(Config\Cache), false)
#8 D:\MyProject\web\html\ci4\index.php(45): CodeIgniter\CodeIgniter->run()
#9 {main}
CRITICAL - 2020-04-23 04:55:30 --> {0} : {1}
#0 D:\MyProject\web\html\ci4\system\HTTP\CURLRequest.php(823): CodeIgniter\HTTP\Exceptions\HTTPException::forCurlError('22', 'The requested U...')
#1 D:\MyProject\web\html\ci4\system\HTTP\CURLRequest.php(449): CodeIgniter\HTTP\CURLRequest->sendRequest(Array)
#2 D:\MyProject\web\html\ci4\system\HTTP\CURLRequest.php(158): CodeIgniter\HTTP\CURLRequest->send('POST', 'https://sas.smk...')
#3 D:\MyProject\web\html\ci4\app\Models\CRUD.php(21): CodeIgniter\HTTP\CURLRequest->request('POST', 'https://sas.smk...', Array)
#4 D:\MyProject\web\html\ci4\app\Controllers\Home.php(56): App\Models\CRUD->post(Array)
#5 D:\MyProject\web\html\ci4\system\CodeIgniter.php(910): App\Controllers\Home->registering()
#6 D:\MyProject\web\html\ci4\system\CodeIgniter.php(398): CodeIgniter\CodeIgniter->runController(Object(App\Controllers\Home))
#7 D:\MyProject\web\html\ci4\system\CodeIgniter.php(306): CodeIgniter\CodeIgniter->handleRequest(NULL, Object(Config\Cache), false)
#8 D:\MyProject\web\html\ci4\index.php(45): CodeIgniter\CodeIgniter->run()
#9 {main}
CRITICAL - 2020-04-23 04:58:29 --> {0} : {1}
#0 D:\MyProject\web\html\ci4\system\HTTP\CURLRequest.php(823): CodeIgniter\HTTP\Exceptions\HTTPException::forCurlError('22', 'The requested U...')
#1 D:\MyProject\web\html\ci4\system\HTTP\CURLRequest.php(449): CodeIgniter\HTTP\CURLRequest->sendRequest(Array)
#2 D:\MyProject\web\html\ci4\system\HTTP\CURLRequest.php(158): CodeIgniter\HTTP\CURLRequest->send('POST', 'https://sas.smk...')
#3 D:\MyProject\web\html\ci4\app\Models\CRUD.php(21): CodeIgniter\HTTP\CURLRequest->request('POST', 'https://sas.smk...', Array)
#4 D:\MyProject\web\html\ci4\app\Controllers\Home.php(56): App\Models\CRUD->post(Array)
#5 D:\MyProject\web\html\ci4\system\CodeIgniter.php(910): App\Controllers\Home->registering()
#6 D:\MyProject\web\html\ci4\system\CodeIgniter.php(398): CodeIgniter\CodeIgniter->runController(Object(App\Controllers\Home))
#7 D:\MyProject\web\html\ci4\system\CodeIgniter.php(306): CodeIgniter\CodeIgniter->handleRequest(NULL, Object(Config\Cache), false)
#8 D:\MyProject\web\html\ci4\index.php(45): CodeIgniter\CodeIgniter->run()
#9 {main}
CRITICAL - 2020-04-23 04:58:44 --> {0} : {1}
#0 D:\MyProject\web\html\ci4\system\HTTP\CURLRequest.php(823): CodeIgniter\HTTP\Exceptions\HTTPException::forCurlError('22', 'The requested U...')
#1 D:\MyProject\web\html\ci4\system\HTTP\CURLRequest.php(449): CodeIgniter\HTTP\CURLRequest->sendRequest(Array)
#2 D:\MyProject\web\html\ci4\system\HTTP\CURLRequest.php(158): CodeIgniter\HTTP\CURLRequest->send('POST', 'https://sas.smk...')
#3 D:\MyProject\web\html\ci4\app\Models\CRUD.php(21): CodeIgniter\HTTP\CURLRequest->request('POST', 'https://sas.smk...', Array)
#4 D:\MyProject\web\html\ci4\app\Controllers\Home.php(56): App\Models\CRUD->post(Array)
#5 D:\MyProject\web\html\ci4\system\CodeIgniter.php(910): App\Controllers\Home->registering()
#6 D:\MyProject\web\html\ci4\system\CodeIgniter.php(398): CodeIgniter\CodeIgniter->runController(Object(App\Controllers\Home))
#7 D:\MyProject\web\html\ci4\system\CodeIgniter.php(306): CodeIgniter\CodeIgniter->handleRequest(NULL, Object(Config\Cache), false)
#8 D:\MyProject\web\html\ci4\index.php(45): CodeIgniter\CodeIgniter->run()
#9 {main}
CRITICAL - 2020-04-23 04:59:51 --> {0} : {1}
#0 D:\MyProject\web\html\ci4\system\HTTP\CURLRequest.php(823): CodeIgniter\HTTP\Exceptions\HTTPException::forCurlError('22', 'The requested U...')
#1 D:\MyProject\web\html\ci4\system\HTTP\CURLRequest.php(449): CodeIgniter\HTTP\CURLRequest->sendRequest(Array)
#2 D:\MyProject\web\html\ci4\system\HTTP\CURLRequest.php(158): CodeIgniter\HTTP\CURLRequest->send('POST', 'https://sas.smk...')
#3 D:\MyProject\web\html\ci4\app\Models\CRUD.php(21): CodeIgniter\HTTP\CURLRequest->request('POST', 'https://sas.smk...', Array)
#4 D:\MyProject\web\html\ci4\app\Controllers\Home.php(56): App\Models\CRUD->post(Array)
#5 D:\MyProject\web\html\ci4\system\CodeIgniter.php(910): App\Controllers\Home->registering()
#6 D:\MyProject\web\html\ci4\system\CodeIgniter.php(398): CodeIgniter\CodeIgniter->runController(Object(App\Controllers\Home))
#7 D:\MyProject\web\html\ci4\system\CodeIgniter.php(306): CodeIgniter\CodeIgniter->handleRequest(NULL, Object(Config\Cache), false)
#8 D:\MyProject\web\html\ci4\index.php(45): CodeIgniter\CodeIgniter->run()
#9 {main}
CRITICAL - 2020-04-23 05:13:05 --> {0} : {1}
#0 D:\MyProject\web\html\ci4\system\HTTP\CURLRequest.php(823): CodeIgniter\HTTP\Exceptions\HTTPException::forCurlError('22', 'The requested U...')
#1 D:\MyProject\web\html\ci4\system\HTTP\CURLRequest.php(449): CodeIgniter\HTTP\CURLRequest->sendRequest(Array)
#2 D:\MyProject\web\html\ci4\system\HTTP\CURLRequest.php(158): CodeIgniter\HTTP\CURLRequest->send('POST', 'https://sas.smk...')
#3 D:\MyProject\web\html\ci4\app\Models\CRUD.php(21): CodeIgniter\HTTP\CURLRequest->request('POST', 'https://sas.smk...', Array)
#4 D:\MyProject\web\html\ci4\app\Controllers\Home.php(56): App\Models\CRUD->post(Array)
#5 D:\MyProject\web\html\ci4\system\CodeIgniter.php(910): App\Controllers\Home->registering()
#6 D:\MyProject\web\html\ci4\system\CodeIgniter.php(398): CodeIgniter\CodeIgniter->runController(Object(App\Controllers\Home))
#7 D:\MyProject\web\html\ci4\system\CodeIgniter.php(306): CodeIgniter\CodeIgniter->handleRequest(NULL, Object(Config\Cache), false)
#8 D:\MyProject\web\html\ci4\index.php(45): CodeIgniter\CodeIgniter->run()
#9 {main}
CRITICAL - 2020-04-23 05:14:29 --> {0} : {1}
#0 D:\MyProject\web\html\ci4\system\HTTP\CURLRequest.php(823): CodeIgniter\HTTP\Exceptions\HTTPException::forCurlError('22', 'The requested U...')
#1 D:\MyProject\web\html\ci4\system\HTTP\CURLRequest.php(449): CodeIgniter\HTTP\CURLRequest->sendRequest(Array)
#2 D:\MyProject\web\html\ci4\system\HTTP\CURLRequest.php(158): CodeIgniter\HTTP\CURLRequest->send('POST', 'https://sas.smk...')
#3 D:\MyProject\web\html\ci4\app\Models\CRUD.php(21): CodeIgniter\HTTP\CURLRequest->request('POST', 'https://sas.smk...', Array)
#4 D:\MyProject\web\html\ci4\app\Controllers\Home.php(56): App\Models\CRUD->post(Array)
#5 D:\MyProject\web\html\ci4\system\CodeIgniter.php(910): App\Controllers\Home->registering()
#6 D:\MyProject\web\html\ci4\system\CodeIgniter.php(398): CodeIgniter\CodeIgniter->runController(Object(App\Controllers\Home))
#7 D:\MyProject\web\html\ci4\system\CodeIgniter.php(306): CodeIgniter\CodeIgniter->handleRequest(NULL, Object(Config\Cache), false)
#8 D:\MyProject\web\html\ci4\index.php(45): CodeIgniter\CodeIgniter->run()
#9 {main}
CRITICAL - 2020-04-23 05:17:12 --> {0} : {1}
#0 D:\MyProject\web\html\ci4\system\HTTP\CURLRequest.php(823): CodeIgniter\HTTP\Exceptions\HTTPException::forCurlError('22', 'The requested U...')
#1 D:\MyProject\web\html\ci4\system\HTTP\CURLRequest.php(449): CodeIgniter\HTTP\CURLRequest->sendRequest(Array)
#2 D:\MyProject\web\html\ci4\system\HTTP\CURLRequest.php(158): CodeIgniter\HTTP\CURLRequest->send('POST', 'https://sas.smk...')
#3 D:\MyProject\web\html\ci4\app\Models\CRUD.php(21): CodeIgniter\HTTP\CURLRequest->request('POST', 'https://sas.smk...', Array)
#4 D:\MyProject\web\html\ci4\app\Controllers\Home.php(56): App\Models\CRUD->post(Array)
#5 D:\MyProject\web\html\ci4\system\CodeIgniter.php(910): App\Controllers\Home->registering()
#6 D:\MyProject\web\html\ci4\system\CodeIgniter.php(398): CodeIgniter\CodeIgniter->runController(Object(App\Controllers\Home))
#7 D:\MyProject\web\html\ci4\system\CodeIgniter.php(306): CodeIgniter\CodeIgniter->handleRequest(NULL, Object(Config\Cache), false)
#8 D:\MyProject\web\html\ci4\index.php(45): CodeIgniter\CodeIgniter->run()
#9 {main}
CRITICAL - 2020-04-23 05:20:43 --> {0} : {1}
#0 D:\MyProject\web\html\ci4\system\HTTP\CURLRequest.php(823): CodeIgniter\HTTP\Exceptions\HTTPException::forCurlError('22', 'The requested U...')
#1 D:\MyProject\web\html\ci4\system\HTTP\CURLRequest.php(449): CodeIgniter\HTTP\CURLRequest->sendRequest(Array)
#2 D:\MyProject\web\html\ci4\system\HTTP\CURLRequest.php(158): CodeIgniter\HTTP\CURLRequest->send('POST', 'https://sas.smk...')
#3 D:\MyProject\web\html\ci4\app\Models\CRUD.php(21): CodeIgniter\HTTP\CURLRequest->request('POST', 'https://sas.smk...', Array)
#4 D:\MyProject\web\html\ci4\app\Controllers\Home.php(56): App\Models\CRUD->post(Array)
#5 D:\MyProject\web\html\ci4\system\CodeIgniter.php(910): App\Controllers\Home->registering()
#6 D:\MyProject\web\html\ci4\system\CodeIgniter.php(398): CodeIgniter\CodeIgniter->runController(Object(App\Controllers\Home))
#7 D:\MyProject\web\html\ci4\system\CodeIgniter.php(306): CodeIgniter\CodeIgniter->handleRequest(NULL, Object(Config\Cache), false)
#8 D:\MyProject\web\html\ci4\index.php(45): CodeIgniter\CodeIgniter->run()
#9 {main}
CRITICAL - 2020-04-23 05:21:44 --> {0} : {1}
#0 D:\MyProject\web\html\ci4\system\HTTP\CURLRequest.php(823): CodeIgniter\HTTP\Exceptions\HTTPException::forCurlError('22', 'The requested U...')
#1 D:\MyProject\web\html\ci4\system\HTTP\CURLRequest.php(449): CodeIgniter\HTTP\CURLRequest->sendRequest(Array)
#2 D:\MyProject\web\html\ci4\system\HTTP\CURLRequest.php(158): CodeIgniter\HTTP\CURLRequest->send('POST', 'https://sas.smk...')
#3 D:\MyProject\web\html\ci4\app\Models\CRUD.php(21): CodeIgniter\HTTP\CURLRequest->request('POST', 'https://sas.smk...', Array)
#4 D:\MyProject\web\html\ci4\app\Controllers\Home.php(56): App\Models\CRUD->post(Array)
#5 D:\MyProject\web\html\ci4\system\CodeIgniter.php(910): App\Controllers\Home->registering()
#6 D:\MyProject\web\html\ci4\system\CodeIgniter.php(398): CodeIgniter\CodeIgniter->runController(Object(App\Controllers\Home))
#7 D:\MyProject\web\html\ci4\system\CodeIgniter.php(306): CodeIgniter\CodeIgniter->handleRequest(NULL, Object(Config\Cache), false)
#8 D:\MyProject\web\html\ci4\index.php(45): CodeIgniter\CodeIgniter->run()
#9 {main}
