CRITICAL - 2020-05-05 21:31:23 --> Invalid file: {0}
#0 D:\FOLDER CUCU\project\psb-sas\system\View\View.php(224): CodeIgniter\Exceptions\FrameworkException::forInvalidFile('register_new.ph...')
#1 D:\FOLDER CUCU\project\psb-sas\system\Common.php(1071): CodeIgniter\View\View->render('register_new', Array, true)
#2 D:\FOLDER CUCU\project\psb-sas\app\Views\templates\base.php(30): view('register_new')
#3 D:\FOLDER CUCU\project\psb-sas\system\View\View.php(236): include('D:\\FOLDER CUCU\\...')
#4 D:\FOLDER CUCU\project\psb-sas\system\Common.php(1071): CodeIgniter\View\View->render('templates/base', Array, true)
#5 D:\FOLDER CUCU\project\psb-sas\app\Controllers\Home.php(74): view('templates/base', Array)
#6 D:\FOLDER CUCU\project\psb-sas\system\CodeIgniter.php(910): App\Controllers\Home->register()
#7 D:\FOLDER CUCU\project\psb-sas\system\CodeIgniter.php(398): CodeIgniter\CodeIgniter->runController(Object(App\Controllers\Home))
#8 D:\FOLDER CUCU\project\psb-sas\system\CodeIgniter.php(306): CodeIgniter\CodeIgniter->handleRequest(NULL, Object(Config\Cache), false)
#9 D:\FOLDER CUCU\project\psb-sas\index.php(45): CodeIgniter\CodeIgniter->run()
#10 {main}
CRITICAL - 2020-05-05 23:15:58 --> {0} : {1}
#0 D:\FOLDER CUCU\project\psb-sas\system\HTTP\CURLRequest.php(823): CodeIgniter\HTTP\Exceptions\HTTPException::forCurlError('22', 'The requested U...')
#1 D:\FOLDER CUCU\project\psb-sas\system\HTTP\CURLRequest.php(449): CodeIgniter\HTTP\CURLRequest->sendRequest(Array)
#2 D:\FOLDER CUCU\project\psb-sas\system\HTTP\CURLRequest.php(158): CodeIgniter\HTTP\CURLRequest->send('POST', 'https://sas.smk...')
#3 D:\FOLDER CUCU\project\psb-sas\app\Models\CRUD.php(21): CodeIgniter\HTTP\CURLRequest->request('POST', 'https://sas.smk...', Array)
#4 D:\FOLDER CUCU\project\psb-sas\app\Controllers\Home.php(98): App\Models\CRUD->post(Array)
#5 D:\FOLDER CUCU\project\psb-sas\system\CodeIgniter.php(910): App\Controllers\Home->registering()
#6 D:\FOLDER CUCU\project\psb-sas\system\CodeIgniter.php(398): CodeIgniter\CodeIgniter->runController(Object(App\Controllers\Home))
#7 D:\FOLDER CUCU\project\psb-sas\system\CodeIgniter.php(306): CodeIgniter\CodeIgniter->handleRequest(NULL, Object(Config\Cache), false)
#8 D:\FOLDER CUCU\project\psb-sas\index.php(45): CodeIgniter\CodeIgniter->run()
#9 {main}
